2023-11-14 14:38:50.636 INFO  [restartedMain] [com.chunjae.pro05.Pro05Application] - Starting Pro05Application using Java 17.0.7 on FULL8-001 with PID 3676 (D:\PARK\Chunjae_IT_Edu-Per_Proj05\build\classes\java\main started by db400tea in D:\PARK\Chunjae_IT_Edu-Per_Proj05)
2023-11-14 14:38:50.639 INFO  [restartedMain] [com.chunjae.pro05.Pro05Application] - No active profile set, falling back to 1 default profile: "default"
2023-11-14 14:38:50.666 INFO  [restartedMain] [o.s.b.d.e.DevToolsPropertyDefaultsPostProcessor] - Devtools property defaults active! Set 'spring.devtools.add-properties' to 'false' to disable
2023-11-14 14:38:50.667 INFO  [restartedMain] [o.s.b.d.e.DevToolsPropertyDefaultsPostProcessor] - For additional web related logging consider setting the 'logging.level.web' property to 'DEBUG'
2023-11-14 14:38:51.248 INFO  [restartedMain] [o.s.b.w.embedded.tomcat.TomcatWebServer] - Tomcat initialized with port(s): 8085 (http)
2023-11-14 14:38:51.252 INFO  [restartedMain] [o.apache.coyote.http11.Http11NioProtocol] - Initializing ProtocolHandler ["http-nio-8085"]
2023-11-14 14:38:51.253 INFO  [restartedMain] [org.apache.catalina.core.StandardService] - Starting service [Tomcat]
2023-11-14 14:38:51.253 INFO  [restartedMain] [org.apache.catalina.core.StandardEngine] - Starting Servlet engine: [Apache Tomcat/9.0.82]
2023-11-14 14:38:51.292 INFO  [restartedMain] [o.a.c.c.C.[Tomcat].[localhost].[/]] - Initializing Spring embedded WebApplicationContext
2023-11-14 14:38:51.292 INFO  [restartedMain] [o.s.b.w.s.c.ServletWebServerApplicationContext] - Root WebApplicationContext: initialization completed in 625 ms
2023-11-14 14:38:51.425 WARN  [restartedMain] [o.s.b.a.s.s.UserDetailsServiceAutoConfiguration] - 

Using generated security password: b1f57569-da64-4f70-a349-e3f972133ef8

This generated password is for development use only. Your security configuration must be updated before running your application in production.

2023-11-14 14:38:51.475 WARN  [restartedMain] [o.s.s.c.a.web.builders.WebSecurity] - You are asking Spring Security to ignore Ant [pattern='/css/**']. This is not recommended -- please use permitAll via HttpSecurity#authorizeHttpRequests instead.
2023-11-14 14:38:51.476 INFO  [restartedMain] [o.s.s.web.DefaultSecurityFilterChain] - Will not secure Ant [pattern='/css/**']
2023-11-14 14:38:51.476 WARN  [restartedMain] [o.s.s.c.a.web.builders.WebSecurity] - You are asking Spring Security to ignore Ant [pattern='/js/**']. This is not recommended -- please use permitAll via HttpSecurity#authorizeHttpRequests instead.
2023-11-14 14:38:51.476 INFO  [restartedMain] [o.s.s.web.DefaultSecurityFilterChain] - Will not secure Ant [pattern='/js/**']
2023-11-14 14:38:51.476 WARN  [restartedMain] [o.s.s.c.a.web.builders.WebSecurity] - You are asking Spring Security to ignore Ant [pattern='/images/**']. This is not recommended -- please use permitAll via HttpSecurity#authorizeHttpRequests instead.
2023-11-14 14:38:51.476 INFO  [restartedMain] [o.s.s.web.DefaultSecurityFilterChain] - Will not secure Ant [pattern='/images/**']
2023-11-14 14:38:51.476 WARN  [restartedMain] [o.s.s.c.a.web.builders.WebSecurity] - You are asking Spring Security to ignore Ant [pattern='/fonts/**']. This is not recommended -- please use permitAll via HttpSecurity#authorizeHttpRequests instead.
2023-11-14 14:38:51.476 INFO  [restartedMain] [o.s.s.web.DefaultSecurityFilterChain] - Will not secure Ant [pattern='/fonts/**']
2023-11-14 14:38:51.476 WARN  [restartedMain] [o.s.s.c.a.web.builders.WebSecurity] - You are asking Spring Security to ignore Ant [pattern='/vendor/**']. This is not recommended -- please use permitAll via HttpSecurity#authorizeHttpRequests instead.
2023-11-14 14:38:51.476 INFO  [restartedMain] [o.s.s.web.DefaultSecurityFilterChain] - Will not secure Ant [pattern='/vendor/**']
2023-11-14 14:38:51.497 INFO  [restartedMain] [o.s.s.web.DefaultSecurityFilterChain] - Will secure any request with [org.springframework.security.web.session.DisableEncodeUrlFilter@7a0ab0a5, org.springframework.security.web.context.request.async.WebAsyncManagerIntegrationFilter@10a80fa8, org.springframework.security.web.context.SecurityContextPersistenceFilter@67d1c98f, org.springframework.security.web.header.HeaderWriterFilter@51d84dc4, org.springframework.security.web.authentication.logout.LogoutFilter@644d4fa4, org.springframework.security.web.authentication.UsernamePasswordAuthenticationFilter@10769b2f, org.springframework.security.web.savedrequest.RequestCacheAwareFilter@28213153, org.springframework.security.web.servletapi.SecurityContextHolderAwareRequestFilter@7f7139b5, org.springframework.security.web.authentication.AnonymousAuthenticationFilter@785274fb, org.springframework.security.web.session.SessionManagementFilter@5589c054, org.springframework.security.web.access.ExceptionTranslationFilter@6ba387a5, org.springframework.security.web.access.intercept.FilterSecurityInterceptor@611ea06d]
2023-11-14 14:38:51.655 INFO  [restartedMain] [o.s.b.d.a.OptionalLiveReloadServer] - LiveReload server is running on port 35729
2023-11-14 14:38:51.664 INFO  [restartedMain] [o.apache.coyote.http11.Http11NioProtocol] - Starting ProtocolHandler ["http-nio-8085"]
2023-11-14 14:38:51.674 INFO  [restartedMain] [o.s.b.w.embedded.tomcat.TomcatWebServer] - Tomcat started on port(s): 8085 (http) with context path ''
2023-11-14 14:38:51.681 INFO  [restartedMain] [com.chunjae.pro05.Pro05Application] - Started Pro05Application in 1.235 seconds (JVM running for 1.64)
2023-11-14 14:39:00.222 INFO  [http-nio-8085-exec-1] [o.a.c.c.C.[Tomcat].[localhost].[/]] - Initializing Spring DispatcherServlet 'dispatcherServlet'
2023-11-14 14:39:00.222 INFO  [http-nio-8085-exec-1] [o.s.web.servlet.DispatcherServlet] - Initializing Servlet 'dispatcherServlet'
2023-11-14 14:39:00.222 INFO  [http-nio-8085-exec-1] [o.s.web.servlet.DispatcherServlet] - Completed initialization in 0 ms
2023-11-14 14:39:50.862 INFO  [restartedMain] [com.chunjae.pro05.Pro05Application] - Starting Pro05Application using Java 17.0.7 on FULL8-001 with PID 16676 (D:\PARK\Chunjae_IT_Edu-Per_Proj05\build\classes\java\main started by db400tea in D:\PARK\Chunjae_IT_Edu-Per_Proj05)
2023-11-14 14:39:50.864 INFO  [restartedMain] [com.chunjae.pro05.Pro05Application] - No active profile set, falling back to 1 default profile: "default"
2023-11-14 14:39:50.887 INFO  [restartedMain] [o.s.b.d.e.DevToolsPropertyDefaultsPostProcessor] - Devtools property defaults active! Set 'spring.devtools.add-properties' to 'false' to disable
2023-11-14 14:39:50.887 INFO  [restartedMain] [o.s.b.d.e.DevToolsPropertyDefaultsPostProcessor] - For additional web related logging consider setting the 'logging.level.web' property to 'DEBUG'
2023-11-14 14:39:51.452 INFO  [restartedMain] [o.s.b.w.embedded.tomcat.TomcatWebServer] - Tomcat initialized with port(s): 8085 (http)
2023-11-14 14:39:51.457 INFO  [restartedMain] [o.apache.coyote.http11.Http11NioProtocol] - Initializing ProtocolHandler ["http-nio-8085"]
2023-11-14 14:39:51.458 INFO  [restartedMain] [org.apache.catalina.core.StandardService] - Starting service [Tomcat]
2023-11-14 14:39:51.458 INFO  [restartedMain] [org.apache.catalina.core.StandardEngine] - Starting Servlet engine: [Apache Tomcat/9.0.82]
2023-11-14 14:39:51.500 INFO  [restartedMain] [o.a.c.c.C.[Tomcat].[localhost].[/]] - Initializing Spring embedded WebApplicationContext
2023-11-14 14:39:51.500 INFO  [restartedMain] [o.s.b.w.s.c.ServletWebServerApplicationContext] - Root WebApplicationContext: initialization completed in 613 ms
2023-11-14 14:39:51.634 WARN  [restartedMain] [o.s.b.a.s.s.UserDetailsServiceAutoConfiguration] - 

Using generated security password: 0c69c2f4-0126-47a2-a65b-52aa8db0003a

This generated password is for development use only. Your security configuration must be updated before running your application in production.

2023-11-14 14:39:51.669 WARN  [restartedMain] [o.s.s.c.a.web.builders.WebSecurity] - You are asking Spring Security to ignore Ant [pattern='/css/**']. This is not recommended -- please use permitAll via HttpSecurity#authorizeHttpRequests instead.
2023-11-14 14:39:51.670 INFO  [restartedMain] [o.s.s.web.DefaultSecurityFilterChain] - Will not secure Ant [pattern='/css/**']
2023-11-14 14:39:51.670 WARN  [restartedMain] [o.s.s.c.a.web.builders.WebSecurity] - You are asking Spring Security to ignore Ant [pattern='/js/**']. This is not recommended -- please use permitAll via HttpSecurity#authorizeHttpRequests instead.
2023-11-14 14:39:51.670 INFO  [restartedMain] [o.s.s.web.DefaultSecurityFilterChain] - Will not secure Ant [pattern='/js/**']
2023-11-14 14:39:51.670 WARN  [restartedMain] [o.s.s.c.a.web.builders.WebSecurity] - You are asking Spring Security to ignore Ant [pattern='/images/**']. This is not recommended -- please use permitAll via HttpSecurity#authorizeHttpRequests instead.
2023-11-14 14:39:51.670 INFO  [restartedMain] [o.s.s.web.DefaultSecurityFilterChain] - Will not secure Ant [pattern='/images/**']
2023-11-14 14:39:51.670 WARN  [restartedMain] [o.s.s.c.a.web.builders.WebSecurity] - You are asking Spring Security to ignore Ant [pattern='/fonts/**']. This is not recommended -- please use permitAll via HttpSecurity#authorizeHttpRequests instead.
2023-11-14 14:39:51.670 INFO  [restartedMain] [o.s.s.web.DefaultSecurityFilterChain] - Will not secure Ant [pattern='/fonts/**']
2023-11-14 14:39:51.670 WARN  [restartedMain] [o.s.s.c.a.web.builders.WebSecurity] - You are asking Spring Security to ignore Ant [pattern='/vendor/**']. This is not recommended -- please use permitAll via HttpSecurity#authorizeHttpRequests instead.
2023-11-14 14:39:51.670 INFO  [restartedMain] [o.s.s.web.DefaultSecurityFilterChain] - Will not secure Ant [pattern='/vendor/**']
2023-11-14 14:39:51.692 INFO  [restartedMain] [o.s.s.web.DefaultSecurityFilterChain] - Will secure any request with [org.springframework.security.web.session.DisableEncodeUrlFilter@2f295721, org.springframework.security.web.context.request.async.WebAsyncManagerIntegrationFilter@324d985e, org.springframework.security.web.context.SecurityContextPersistenceFilter@6a89a37, org.springframework.security.web.header.HeaderWriterFilter@7463d97f, org.springframework.security.web.authentication.logout.LogoutFilter@5e03cbe0, org.springframework.security.web.authentication.UsernamePasswordAuthenticationFilter@697e331e, org.springframework.security.web.savedrequest.RequestCacheAwareFilter@57e74323, org.springframework.security.web.servletapi.SecurityContextHolderAwareRequestFilter@46bc36b3, org.springframework.security.web.authentication.AnonymousAuthenticationFilter@2bc86b8a, org.springframework.security.web.session.SessionManagementFilter@2c64a18f, org.springframework.security.web.access.ExceptionTranslationFilter@6dfdab69, org.springframework.security.web.access.intercept.FilterSecurityInterceptor@331e0a93]
2023-11-14 14:39:51.851 INFO  [restartedMain] [o.s.b.d.a.OptionalLiveReloadServer] - LiveReload server is running on port 35729
2023-11-14 14:39:51.859 INFO  [restartedMain] [o.apache.coyote.http11.Http11NioProtocol] - Starting ProtocolHandler ["http-nio-8085"]
2023-11-14 14:39:51.870 INFO  [restartedMain] [o.s.b.w.embedded.tomcat.TomcatWebServer] - Tomcat started on port(s): 8085 (http) with context path ''
2023-11-14 14:39:51.877 INFO  [restartedMain] [com.chunjae.pro05.Pro05Application] - Started Pro05Application in 1.2 seconds (JVM running for 1.611)
2023-11-14 14:40:00.907 INFO  [http-nio-8085-exec-1] [o.a.c.c.C.[Tomcat].[localhost].[/]] - Initializing Spring DispatcherServlet 'dispatcherServlet'
2023-11-14 14:40:00.907 INFO  [http-nio-8085-exec-1] [o.s.web.servlet.DispatcherServlet] - Initializing Servlet 'dispatcherServlet'
2023-11-14 14:40:00.908 INFO  [http-nio-8085-exec-1] [o.s.web.servlet.DispatcherServlet] - Completed initialization in 1 ms
2023-11-14 14:41:16.931 INFO  [restartedMain] [com.chunjae.pro05.Pro05Application] - Starting Pro05Application using Java 17.0.7 on FULL8-001 with PID 12804 (D:\PARK\Chunjae_IT_Edu-Per_Proj05\build\classes\java\main started by db400tea in D:\PARK\Chunjae_IT_Edu-Per_Proj05)
2023-11-14 14:41:16.932 INFO  [restartedMain] [com.chunjae.pro05.Pro05Application] - No active profile set, falling back to 1 default profile: "default"
2023-11-14 14:41:16.956 INFO  [restartedMain] [o.s.b.d.e.DevToolsPropertyDefaultsPostProcessor] - Devtools property defaults active! Set 'spring.devtools.add-properties' to 'false' to disable
2023-11-14 14:41:16.956 INFO  [restartedMain] [o.s.b.d.e.DevToolsPropertyDefaultsPostProcessor] - For additional web related logging consider setting the 'logging.level.web' property to 'DEBUG'
2023-11-14 14:41:17.540 INFO  [restartedMain] [o.s.b.w.embedded.tomcat.TomcatWebServer] - Tomcat initialized with port(s): 8085 (http)
2023-11-14 14:41:17.545 INFO  [restartedMain] [o.apache.coyote.http11.Http11NioProtocol] - Initializing ProtocolHandler ["http-nio-8085"]
2023-11-14 14:41:17.546 INFO  [restartedMain] [org.apache.catalina.core.StandardService] - Starting service [Tomcat]
2023-11-14 14:41:17.546 INFO  [restartedMain] [org.apache.catalina.core.StandardEngine] - Starting Servlet engine: [Apache Tomcat/9.0.82]
2023-11-14 14:41:17.589 INFO  [restartedMain] [o.a.c.c.C.[Tomcat].[localhost].[/]] - Initializing Spring embedded WebApplicationContext
2023-11-14 14:41:17.590 INFO  [restartedMain] [o.s.b.w.s.c.ServletWebServerApplicationContext] - Root WebApplicationContext: initialization completed in 634 ms
2023-11-14 14:41:17.731 WARN  [restartedMain] [o.s.b.a.s.s.UserDetailsServiceAutoConfiguration] - 

Using generated security password: 61115d7f-6bc4-45e6-b524-604126ee76a6

This generated password is for development use only. Your security configuration must be updated before running your application in production.

2023-11-14 14:41:17.763 WARN  [restartedMain] [o.s.s.c.a.web.builders.WebSecurity] - You are asking Spring Security to ignore Ant [pattern='/css/**']. This is not recommended -- please use permitAll via HttpSecurity#authorizeHttpRequests instead.
2023-11-14 14:41:17.763 INFO  [restartedMain] [o.s.s.web.DefaultSecurityFilterChain] - Will not secure Ant [pattern='/css/**']
2023-11-14 14:41:17.764 WARN  [restartedMain] [o.s.s.c.a.web.builders.WebSecurity] - You are asking Spring Security to ignore Ant [pattern='/js/**']. This is not recommended -- please use permitAll via HttpSecurity#authorizeHttpRequests instead.
2023-11-14 14:41:17.764 INFO  [restartedMain] [o.s.s.web.DefaultSecurityFilterChain] - Will not secure Ant [pattern='/js/**']
2023-11-14 14:41:17.764 WARN  [restartedMain] [o.s.s.c.a.web.builders.WebSecurity] - You are asking Spring Security to ignore Ant [pattern='/images/**']. This is not recommended -- please use permitAll via HttpSecurity#authorizeHttpRequests instead.
2023-11-14 14:41:17.764 INFO  [restartedMain] [o.s.s.web.DefaultSecurityFilterChain] - Will not secure Ant [pattern='/images/**']
2023-11-14 14:41:17.764 WARN  [restartedMain] [o.s.s.c.a.web.builders.WebSecurity] - You are asking Spring Security to ignore Ant [pattern='/fonts/**']. This is not recommended -- please use permitAll via HttpSecurity#authorizeHttpRequests instead.
2023-11-14 14:41:17.764 INFO  [restartedMain] [o.s.s.web.DefaultSecurityFilterChain] - Will not secure Ant [pattern='/fonts/**']
2023-11-14 14:41:17.764 WARN  [restartedMain] [o.s.s.c.a.web.builders.WebSecurity] - You are asking Spring Security to ignore Ant [pattern='/vendor/**']. This is not recommended -- please use permitAll via HttpSecurity#authorizeHttpRequests instead.
2023-11-14 14:41:17.764 INFO  [restartedMain] [o.s.s.web.DefaultSecurityFilterChain] - Will not secure Ant [pattern='/vendor/**']
2023-11-14 14:41:17.785 INFO  [restartedMain] [o.s.s.web.DefaultSecurityFilterChain] - Will secure any request with [org.springframework.security.web.session.DisableEncodeUrlFilter@1b594603, org.springframework.security.web.context.request.async.WebAsyncManagerIntegrationFilter@40400a0c, org.springframework.security.web.context.SecurityContextPersistenceFilter@64859ca7, org.springframework.security.web.header.HeaderWriterFilter@752981bd, org.springframework.security.web.authentication.logout.LogoutFilter@6b5eebf3, org.springframework.security.web.authentication.UsernamePasswordAuthenticationFilter@3cd966d6, org.springframework.security.web.savedrequest.RequestCacheAwareFilter@65a0d1ce, org.springframework.security.web.servletapi.SecurityContextHolderAwareRequestFilter@75009155, org.springframework.security.web.authentication.AnonymousAuthenticationFilter@33c4e3b6, org.springframework.security.web.session.SessionManagementFilter@1f80b950, org.springframework.security.web.access.ExceptionTranslationFilter@753576ef, org.springframework.security.web.access.intercept.FilterSecurityInterceptor@24cefda]
2023-11-14 14:41:17.947 INFO  [restartedMain] [o.s.b.d.a.OptionalLiveReloadServer] - LiveReload server is running on port 35729
2023-11-14 14:41:17.956 INFO  [restartedMain] [o.apache.coyote.http11.Http11NioProtocol] - Starting ProtocolHandler ["http-nio-8085"]
2023-11-14 14:41:17.967 INFO  [restartedMain] [o.s.b.w.embedded.tomcat.TomcatWebServer] - Tomcat started on port(s): 8085 (http) with context path ''
2023-11-14 14:41:17.975 INFO  [restartedMain] [com.chunjae.pro05.Pro05Application] - Started Pro05Application in 1.235 seconds (JVM running for 1.642)
2023-11-14 14:41:24.782 INFO  [http-nio-8085-exec-1] [o.a.c.c.C.[Tomcat].[localhost].[/]] - Initializing Spring DispatcherServlet 'dispatcherServlet'
2023-11-14 14:41:24.782 INFO  [http-nio-8085-exec-1] [o.s.web.servlet.DispatcherServlet] - Initializing Servlet 'dispatcherServlet'
2023-11-14 14:41:24.783 INFO  [http-nio-8085-exec-1] [o.s.web.servlet.DispatcherServlet] - Completed initialization in 1 ms
2023-11-14 14:42:45.783 INFO  [restartedMain] [com.chunjae.pro05.Pro05Application] - Starting Pro05Application using Java 17.0.7 on FULL8-001 with PID 16508 (D:\PARK\Chunjae_IT_Edu-Per_Proj05\build\classes\java\main started by db400tea in D:\PARK\Chunjae_IT_Edu-Per_Proj05)
2023-11-14 14:42:45.794 INFO  [restartedMain] [com.chunjae.pro05.Pro05Application] - No active profile set, falling back to 1 default profile: "default"
2023-11-14 14:42:45.876 INFO  [restartedMain] [o.s.b.d.e.DevToolsPropertyDefaultsPostProcessor] - Devtools property defaults active! Set 'spring.devtools.add-properties' to 'false' to disable
2023-11-14 14:42:45.877 INFO  [restartedMain] [o.s.b.d.e.DevToolsPropertyDefaultsPostProcessor] - For additional web related logging consider setting the 'logging.level.web' property to 'DEBUG'
2023-11-14 14:42:46.482 INFO  [restartedMain] [o.s.b.w.embedded.tomcat.TomcatWebServer] - Tomcat initialized with port(s): 8085 (http)
2023-11-14 14:42:46.487 INFO  [restartedMain] [o.apache.coyote.http11.Http11NioProtocol] - Initializing ProtocolHandler ["http-nio-8085"]
2023-11-14 14:42:46.488 INFO  [restartedMain] [org.apache.catalina.core.StandardService] - Starting service [Tomcat]
2023-11-14 14:42:46.488 INFO  [restartedMain] [org.apache.catalina.core.StandardEngine] - Starting Servlet engine: [Apache Tomcat/9.0.82]
2023-11-14 14:42:46.530 INFO  [restartedMain] [o.a.c.c.C.[Tomcat].[localhost].[/]] - Initializing Spring embedded WebApplicationContext
2023-11-14 14:42:46.530 INFO  [restartedMain] [o.s.b.w.s.c.ServletWebServerApplicationContext] - Root WebApplicationContext: initialization completed in 653 ms
2023-11-14 14:42:46.668 WARN  [restartedMain] [o.s.b.a.s.s.UserDetailsServiceAutoConfiguration] - 

Using generated security password: c8d21362-c9ce-4a48-8fdb-8ff83d800893

This generated password is for development use only. Your security configuration must be updated before running your application in production.

2023-11-14 14:42:46.699 WARN  [restartedMain] [o.s.s.c.a.web.builders.WebSecurity] - You are asking Spring Security to ignore Ant [pattern='/css/**']. This is not recommended -- please use permitAll via HttpSecurity#authorizeHttpRequests instead.
2023-11-14 14:42:46.699 INFO  [restartedMain] [o.s.s.web.DefaultSecurityFilterChain] - Will not secure Ant [pattern='/css/**']
2023-11-14 14:42:46.699 WARN  [restartedMain] [o.s.s.c.a.web.builders.WebSecurity] - You are asking Spring Security to ignore Ant [pattern='/js/**']. This is not recommended -- please use permitAll via HttpSecurity#authorizeHttpRequests instead.
2023-11-14 14:42:46.699 INFO  [restartedMain] [o.s.s.web.DefaultSecurityFilterChain] - Will not secure Ant [pattern='/js/**']
2023-11-14 14:42:46.700 WARN  [restartedMain] [o.s.s.c.a.web.builders.WebSecurity] - You are asking Spring Security to ignore Ant [pattern='/images/**']. This is not recommended -- please use permitAll via HttpSecurity#authorizeHttpRequests instead.
2023-11-14 14:42:46.700 INFO  [restartedMain] [o.s.s.web.DefaultSecurityFilterChain] - Will not secure Ant [pattern='/images/**']
2023-11-14 14:42:46.700 WARN  [restartedMain] [o.s.s.c.a.web.builders.WebSecurity] - You are asking Spring Security to ignore Ant [pattern='/fonts/**']. This is not recommended -- please use permitAll via HttpSecurity#authorizeHttpRequests instead.
2023-11-14 14:42:46.700 INFO  [restartedMain] [o.s.s.web.DefaultSecurityFilterChain] - Will not secure Ant [pattern='/fonts/**']
2023-11-14 14:42:46.700 WARN  [restartedMain] [o.s.s.c.a.web.builders.WebSecurity] - You are asking Spring Security to ignore Ant [pattern='/vendor/**']. This is not recommended -- please use permitAll via HttpSecurity#authorizeHttpRequests instead.
2023-11-14 14:42:46.700 INFO  [restartedMain] [o.s.s.web.DefaultSecurityFilterChain] - Will not secure Ant [pattern='/vendor/**']
2023-11-14 14:42:46.719 INFO  [restartedMain] [o.s.s.web.DefaultSecurityFilterChain] - Will secure any request with [org.springframework.security.web.session.DisableEncodeUrlFilter@3a4010ed, org.springframework.security.web.context.request.async.WebAsyncManagerIntegrationFilter@22065be4, org.springframework.security.web.context.SecurityContextPersistenceFilter@55f9319c, org.springframework.security.web.header.HeaderWriterFilter@2c110ddc, org.springframework.security.web.authentication.logout.LogoutFilter@1893ccb9, org.springframework.security.web.authentication.UsernamePasswordAuthenticationFilter@17b3afc8, org.springframework.security.web.savedrequest.RequestCacheAwareFilter@27c83b7, org.springframework.security.web.servletapi.SecurityContextHolderAwareRequestFilter@28285371, org.springframework.security.web.authentication.AnonymousAuthenticationFilter@384bd0fd, org.springframework.security.web.session.SessionManagementFilter@14e4e7ea, org.springframework.security.web.access.ExceptionTranslationFilter@65c5cf30, org.springframework.security.web.access.intercept.FilterSecurityInterceptor@6bd14fa]
2023-11-14 14:42:46.885 INFO  [restartedMain] [o.s.b.d.a.OptionalLiveReloadServer] - LiveReload server is running on port 35729
2023-11-14 14:42:46.894 INFO  [restartedMain] [o.apache.coyote.http11.Http11NioProtocol] - Starting ProtocolHandler ["http-nio-8085"]
2023-11-14 14:42:46.905 INFO  [restartedMain] [o.s.b.w.embedded.tomcat.TomcatWebServer] - Tomcat started on port(s): 8085 (http) with context path ''
2023-11-14 14:42:46.913 INFO  [restartedMain] [com.chunjae.pro05.Pro05Application] - Started Pro05Application in 1.54 seconds (JVM running for 1.975)
2023-11-14 14:42:51.376 INFO  [http-nio-8085-exec-1] [o.a.c.c.C.[Tomcat].[localhost].[/]] - Initializing Spring DispatcherServlet 'dispatcherServlet'
2023-11-14 14:42:51.376 INFO  [http-nio-8085-exec-1] [o.s.web.servlet.DispatcherServlet] - Initializing Servlet 'dispatcherServlet'
2023-11-14 14:42:51.376 INFO  [http-nio-8085-exec-1] [o.s.web.servlet.DispatcherServlet] - Completed initialization in 0 ms
2023-11-14 14:42:55.451 INFO  [http-nio-8085-exec-3] [com.zaxxer.hikari.HikariDataSource] - HikariPool-1 - Starting...
2023-11-14 14:42:55.549 INFO  [http-nio-8085-exec-3] [com.zaxxer.hikari.HikariDataSource] - HikariPool-1 - Start completed.
2023-11-14 15:08:52.106 INFO  [SpringApplicationShutdownHook] [com.zaxxer.hikari.HikariDataSource] - HikariPool-1 - Shutdown initiated...
2023-11-14 15:08:52.108 INFO  [SpringApplicationShutdownHook] [com.zaxxer.hikari.HikariDataSource] - HikariPool-1 - Shutdown completed.
2023-11-14 15:08:53.530 INFO  [restartedMain] [com.chunjae.pro05.Pro05Application] - Starting Pro05Application using Java 17.0.7 on FULL8-001 with PID 17832 (D:\PARK\Chunjae_IT_Edu-Per_Proj05\build\classes\java\main started by db400tea in D:\PARK\Chunjae_IT_Edu-Per_Proj05)
2023-11-14 15:08:53.532 INFO  [restartedMain] [com.chunjae.pro05.Pro05Application] - No active profile set, falling back to 1 default profile: "default"
2023-11-14 15:08:53.558 INFO  [restartedMain] [o.s.b.d.e.DevToolsPropertyDefaultsPostProcessor] - Devtools property defaults active! Set 'spring.devtools.add-properties' to 'false' to disable
2023-11-14 15:08:53.559 INFO  [restartedMain] [o.s.b.d.e.DevToolsPropertyDefaultsPostProcessor] - For additional web related logging consider setting the 'logging.level.web' property to 'DEBUG'
2023-11-14 15:08:54.176 INFO  [restartedMain] [o.s.b.w.embedded.tomcat.TomcatWebServer] - Tomcat initialized with port(s): 8085 (http)
2023-11-14 15:08:54.181 INFO  [restartedMain] [o.apache.coyote.http11.Http11NioProtocol] - Initializing ProtocolHandler ["http-nio-8085"]
2023-11-14 15:08:54.181 INFO  [restartedMain] [org.apache.catalina.core.StandardService] - Starting service [Tomcat]
2023-11-14 15:08:54.181 INFO  [restartedMain] [org.apache.catalina.core.StandardEngine] - Starting Servlet engine: [Apache Tomcat/9.0.82]
2023-11-14 15:08:54.226 INFO  [restartedMain] [o.a.c.c.C.[Tomcat].[localhost].[/]] - Initializing Spring embedded WebApplicationContext
2023-11-14 15:08:54.226 INFO  [restartedMain] [o.s.b.w.s.c.ServletWebServerApplicationContext] - Root WebApplicationContext: initialization completed in 667 ms
2023-11-14 15:08:54.364 WARN  [restartedMain] [o.s.b.a.s.s.UserDetailsServiceAutoConfiguration] - 

Using generated security password: 655179c7-aaf0-4452-b629-cc057ee87b93

This generated password is for development use only. Your security configuration must be updated before running your application in production.

2023-11-14 15:08:54.395 WARN  [restartedMain] [o.s.s.c.a.web.builders.WebSecurity] - You are asking Spring Security to ignore Ant [pattern='/css/**']. This is not recommended -- please use permitAll via HttpSecurity#authorizeHttpRequests instead.
2023-11-14 15:08:54.396 INFO  [restartedMain] [o.s.s.web.DefaultSecurityFilterChain] - Will not secure Ant [pattern='/css/**']
2023-11-14 15:08:54.396 WARN  [restartedMain] [o.s.s.c.a.web.builders.WebSecurity] - You are asking Spring Security to ignore Ant [pattern='/js/**']. This is not recommended -- please use permitAll via HttpSecurity#authorizeHttpRequests instead.
2023-11-14 15:08:54.396 INFO  [restartedMain] [o.s.s.web.DefaultSecurityFilterChain] - Will not secure Ant [pattern='/js/**']
2023-11-14 15:08:54.396 WARN  [restartedMain] [o.s.s.c.a.web.builders.WebSecurity] - You are asking Spring Security to ignore Ant [pattern='/images/**']. This is not recommended -- please use permitAll via HttpSecurity#authorizeHttpRequests instead.
2023-11-14 15:08:54.396 INFO  [restartedMain] [o.s.s.web.DefaultSecurityFilterChain] - Will not secure Ant [pattern='/images/**']
2023-11-14 15:08:54.396 WARN  [restartedMain] [o.s.s.c.a.web.builders.WebSecurity] - You are asking Spring Security to ignore Ant [pattern='/fonts/**']. This is not recommended -- please use permitAll via HttpSecurity#authorizeHttpRequests instead.
2023-11-14 15:08:54.396 INFO  [restartedMain] [o.s.s.web.DefaultSecurityFilterChain] - Will not secure Ant [pattern='/fonts/**']
2023-11-14 15:08:54.396 WARN  [restartedMain] [o.s.s.c.a.web.builders.WebSecurity] - You are asking Spring Security to ignore Ant [pattern='/vendor/**']. This is not recommended -- please use permitAll via HttpSecurity#authorizeHttpRequests instead.
2023-11-14 15:08:54.396 INFO  [restartedMain] [o.s.s.web.DefaultSecurityFilterChain] - Will not secure Ant [pattern='/vendor/**']
2023-11-14 15:08:54.416 INFO  [restartedMain] [o.s.s.web.DefaultSecurityFilterChain] - Will secure any request with [org.springframework.security.web.session.DisableEncodeUrlFilter@1b594603, org.springframework.security.web.context.request.async.WebAsyncManagerIntegrationFilter@40400a0c, org.springframework.security.web.context.SecurityContextPersistenceFilter@64859ca7, org.springframework.security.web.header.HeaderWriterFilter@752981bd, org.springframework.security.web.authentication.logout.LogoutFilter@6b5eebf3, org.springframework.security.web.authentication.UsernamePasswordAuthenticationFilter@3cd966d6, org.springframework.security.web.savedrequest.RequestCacheAwareFilter@65a0d1ce, org.springframework.security.web.servletapi.SecurityContextHolderAwareRequestFilter@75009155, org.springframework.security.web.authentication.AnonymousAuthenticationFilter@33c4e3b6, org.springframework.security.web.session.SessionManagementFilter@1f80b950, org.springframework.security.web.access.ExceptionTranslationFilter@753576ef, org.springframework.security.web.access.intercept.FilterSecurityInterceptor@24cefda]
2023-11-14 15:08:54.581 INFO  [restartedMain] [o.s.b.d.a.OptionalLiveReloadServer] - LiveReload server is running on port 35729
2023-11-14 15:08:54.589 INFO  [restartedMain] [o.apache.coyote.http11.Http11NioProtocol] - Starting ProtocolHandler ["http-nio-8085"]
2023-11-14 15:08:54.600 INFO  [restartedMain] [o.s.b.w.embedded.tomcat.TomcatWebServer] - Tomcat started on port(s): 8085 (http) with context path ''
2023-11-14 15:08:54.607 INFO  [restartedMain] [com.chunjae.pro05.Pro05Application] - Started Pro05Application in 1.315 seconds (JVM running for 1.757)
2023-11-14 15:09:15.044 INFO  [http-nio-8085-exec-1] [o.a.c.c.C.[Tomcat].[localhost].[/]] - Initializing Spring DispatcherServlet 'dispatcherServlet'
2023-11-14 15:09:15.044 INFO  [http-nio-8085-exec-1] [o.s.web.servlet.DispatcherServlet] - Initializing Servlet 'dispatcherServlet'
2023-11-14 15:09:15.045 INFO  [http-nio-8085-exec-1] [o.s.web.servlet.DispatcherServlet] - Completed initialization in 1 ms
2023-11-14 15:09:17.166 INFO  [http-nio-8085-exec-10] [com.zaxxer.hikari.HikariDataSource] - HikariPool-1 - Starting...
2023-11-14 15:09:17.209 INFO  [http-nio-8085-exec-10] [com.zaxxer.hikari.HikariDataSource] - HikariPool-1 - Start completed.
2023-11-14 15:09:33.125 INFO  [SpringApplicationShutdownHook] [com.zaxxer.hikari.HikariDataSource] - HikariPool-1 - Shutdown initiated...
2023-11-14 15:09:33.128 INFO  [SpringApplicationShutdownHook] [com.zaxxer.hikari.HikariDataSource] - HikariPool-1 - Shutdown completed.
2023-11-14 15:09:36.197 INFO  [restartedMain] [com.chunjae.pro05.Pro05Application] - Starting Pro05Application using Java 17.0.7 on FULL8-001 with PID 17936 (D:\PARK\Chunjae_IT_Edu-Per_Proj05\build\classes\java\main started by db400tea in D:\PARK\Chunjae_IT_Edu-Per_Proj05)
2023-11-14 15:09:36.198 INFO  [restartedMain] [com.chunjae.pro05.Pro05Application] - No active profile set, falling back to 1 default profile: "default"
2023-11-14 15:09:36.222 INFO  [restartedMain] [o.s.b.d.e.DevToolsPropertyDefaultsPostProcessor] - Devtools property defaults active! Set 'spring.devtools.add-properties' to 'false' to disable
2023-11-14 15:09:36.222 INFO  [restartedMain] [o.s.b.d.e.DevToolsPropertyDefaultsPostProcessor] - For additional web related logging consider setting the 'logging.level.web' property to 'DEBUG'
2023-11-14 15:09:36.771 INFO  [restartedMain] [o.s.b.w.embedded.tomcat.TomcatWebServer] - Tomcat initialized with port(s): 8085 (http)
2023-11-14 15:09:36.780 INFO  [restartedMain] [o.apache.coyote.http11.Http11NioProtocol] - Initializing ProtocolHandler ["http-nio-8085"]
2023-11-14 15:09:36.781 INFO  [restartedMain] [org.apache.catalina.core.StandardService] - Starting service [Tomcat]
2023-11-14 15:09:36.781 INFO  [restartedMain] [org.apache.catalina.core.StandardEngine] - Starting Servlet engine: [Apache Tomcat/9.0.82]
2023-11-14 15:09:36.821 INFO  [restartedMain] [o.a.c.c.C.[Tomcat].[localhost].[/]] - Initializing Spring embedded WebApplicationContext
2023-11-14 15:09:36.822 INFO  [restartedMain] [o.s.b.w.s.c.ServletWebServerApplicationContext] - Root WebApplicationContext: initialization completed in 599 ms
2023-11-14 15:09:36.956 WARN  [restartedMain] [o.s.b.a.s.s.UserDetailsServiceAutoConfiguration] - 

Using generated security password: 498102f1-8166-4a19-bae9-8a17cf15b932

This generated password is for development use only. Your security configuration must be updated before running your application in production.

2023-11-14 15:09:36.989 WARN  [restartedMain] [o.s.s.c.a.web.builders.WebSecurity] - You are asking Spring Security to ignore Ant [pattern='/css/**']. This is not recommended -- please use permitAll via HttpSecurity#authorizeHttpRequests instead.
2023-11-14 15:09:36.990 INFO  [restartedMain] [o.s.s.web.DefaultSecurityFilterChain] - Will not secure Ant [pattern='/css/**']
2023-11-14 15:09:36.990 WARN  [restartedMain] [o.s.s.c.a.web.builders.WebSecurity] - You are asking Spring Security to ignore Ant [pattern='/js/**']. This is not recommended -- please use permitAll via HttpSecurity#authorizeHttpRequests instead.
2023-11-14 15:09:36.990 INFO  [restartedMain] [o.s.s.web.DefaultSecurityFilterChain] - Will not secure Ant [pattern='/js/**']
2023-11-14 15:09:36.990 WARN  [restartedMain] [o.s.s.c.a.web.builders.WebSecurity] - You are asking Spring Security to ignore Ant [pattern='/images/**']. This is not recommended -- please use permitAll via HttpSecurity#authorizeHttpRequests instead.
2023-11-14 15:09:36.990 INFO  [restartedMain] [o.s.s.web.DefaultSecurityFilterChain] - Will not secure Ant [pattern='/images/**']
2023-11-14 15:09:36.990 WARN  [restartedMain] [o.s.s.c.a.web.builders.WebSecurity] - You are asking Spring Security to ignore Ant [pattern='/fonts/**']. This is not recommended -- please use permitAll via HttpSecurity#authorizeHttpRequests instead.
2023-11-14 15:09:36.990 INFO  [restartedMain] [o.s.s.web.DefaultSecurityFilterChain] - Will not secure Ant [pattern='/fonts/**']
2023-11-14 15:09:36.990 WARN  [restartedMain] [o.s.s.c.a.web.builders.WebSecurity] - You are asking Spring Security to ignore Ant [pattern='/vendor/**']. This is not recommended -- please use permitAll via HttpSecurity#authorizeHttpRequests instead.
2023-11-14 15:09:36.990 INFO  [restartedMain] [o.s.s.web.DefaultSecurityFilterChain] - Will not secure Ant [pattern='/vendor/**']
2023-11-14 15:09:37.010 INFO  [restartedMain] [o.s.s.web.DefaultSecurityFilterChain] - Will secure any request with [org.springframework.security.web.session.DisableEncodeUrlFilter@324d985e, org.springframework.security.web.context.request.async.WebAsyncManagerIntegrationFilter@2bc86b8a, org.springframework.security.web.context.SecurityContextPersistenceFilter@fc93bb4, org.springframework.security.web.header.HeaderWriterFilter@4a71e2d8, org.springframework.security.web.authentication.logout.LogoutFilter@1dde077e, org.springframework.security.web.authentication.UsernamePasswordAuthenticationFilter@3aa4ebb9, org.springframework.security.web.savedrequest.RequestCacheAwareFilter@1135c6f0, org.springframework.security.web.servletapi.SecurityContextHolderAwareRequestFilter@5e2fe13d, org.springframework.security.web.authentication.AnonymousAuthenticationFilter@2733cda1, org.springframework.security.web.session.SessionManagementFilter@787ee8dc, org.springframework.security.web.access.ExceptionTranslationFilter@379c6a5d, org.springframework.security.web.access.intercept.FilterSecurityInterceptor@39248fef]
2023-11-14 15:09:37.168 INFO  [restartedMain] [o.s.b.d.a.OptionalLiveReloadServer] - LiveReload server is running on port 35729
2023-11-14 15:09:37.176 INFO  [restartedMain] [o.apache.coyote.http11.Http11NioProtocol] - Starting ProtocolHandler ["http-nio-8085"]
2023-11-14 15:09:37.187 INFO  [restartedMain] [o.s.b.w.embedded.tomcat.TomcatWebServer] - Tomcat started on port(s): 8085 (http) with context path ''
2023-11-14 15:09:37.194 INFO  [restartedMain] [com.chunjae.pro05.Pro05Application] - Started Pro05Application in 1.178 seconds (JVM running for 1.566)
2023-11-14 15:09:42.385 INFO  [http-nio-8085-exec-1] [o.a.c.c.C.[Tomcat].[localhost].[/]] - Initializing Spring DispatcherServlet 'dispatcherServlet'
2023-11-14 15:09:42.385 INFO  [http-nio-8085-exec-1] [o.s.web.servlet.DispatcherServlet] - Initializing Servlet 'dispatcherServlet'
2023-11-14 15:09:42.385 INFO  [http-nio-8085-exec-1] [o.s.web.servlet.DispatcherServlet] - Completed initialization in 0 ms
2023-11-14 15:09:42.412 INFO  [http-nio-8085-exec-1] [com.zaxxer.hikari.HikariDataSource] - HikariPool-1 - Starting...
2023-11-14 15:09:42.456 INFO  [http-nio-8085-exec-1] [com.zaxxer.hikari.HikariDataSource] - HikariPool-1 - Start completed.
2023-11-14 15:09:42.555 ERROR [http-nio-8085-exec-1] [org.thymeleaf.TemplateEngine] - [THYMELEAF][http-nio-8085-exec-1] Exception processing template "faq/faqList": An error happened during template parsing (template: "class path resource [templates/faq/faqList.html]")
org.thymeleaf.exceptions.TemplateInputException: An error happened during template parsing (template: "class path resource [templates/faq/faqList.html]")
	at org.thymeleaf.templateparser.markup.AbstractMarkupTemplateParser.parse(AbstractMarkupTemplateParser.java:241)
	at org.thymeleaf.templateparser.markup.AbstractMarkupTemplateParser.parseStandalone(AbstractMarkupTemplateParser.java:100)
	at org.thymeleaf.engine.TemplateManager.parseAndProcess(TemplateManager.java:666)
	at org.thymeleaf.TemplateEngine.process(TemplateEngine.java:1098)
	at org.thymeleaf.TemplateEngine.process(TemplateEngine.java:1072)
	at org.thymeleaf.spring5.view.ThymeleafView.renderFragment(ThymeleafView.java:366)
	at org.thymeleaf.spring5.view.ThymeleafView.render(ThymeleafView.java:190)
	at org.springframework.web.servlet.DispatcherServlet.render(DispatcherServlet.java:1406)
	at org.springframework.web.servlet.DispatcherServlet.processDispatchResult(DispatcherServlet.java:1150)
	at org.springframework.web.servlet.DispatcherServlet.doDispatch(DispatcherServlet.java:1089)
	at org.springframework.web.servlet.DispatcherServlet.doService(DispatcherServlet.java:965)
	at org.springframework.web.servlet.FrameworkServlet.processRequest(FrameworkServlet.java:1006)
	at org.springframework.web.servlet.FrameworkServlet.doGet(FrameworkServlet.java:898)
	at javax.servlet.http.HttpServlet.service(HttpServlet.java:529)
	at org.springframework.web.servlet.FrameworkServlet.service(FrameworkServlet.java:883)
	at javax.servlet.http.HttpServlet.service(HttpServlet.java:623)
	at org.apache.catalina.core.ApplicationFilterChain.internalDoFilter(ApplicationFilterChain.java:209)
	at org.apache.catalina.core.ApplicationFilterChain.doFilter(ApplicationFilterChain.java:153)
	at org.apache.tomcat.websocket.server.WsFilter.doFilter(WsFilter.java:51)
	at org.apache.catalina.core.ApplicationFilterChain.internalDoFilter(ApplicationFilterChain.java:178)
	at org.apache.catalina.core.ApplicationFilterChain.doFilter(ApplicationFilterChain.java:153)
	at org.springframework.security.web.FilterChainProxy$VirtualFilterChain.doFilter(FilterChainProxy.java:337)
	at org.springframework.security.web.access.intercept.FilterSecurityInterceptor.invoke(FilterSecurityInterceptor.java:115)
	at org.springframework.security.web.access.intercept.FilterSecurityInterceptor.doFilter(FilterSecurityInterceptor.java:81)
	at org.springframework.security.web.FilterChainProxy$VirtualFilterChain.doFilter(FilterChainProxy.java:346)
	at org.springframework.security.web.access.ExceptionTranslationFilter.doFilter(ExceptionTranslationFilter.java:122)
	at org.springframework.security.web.access.ExceptionTranslationFilter.doFilter(ExceptionTranslationFilter.java:116)
	at org.springframework.security.web.FilterChainProxy$VirtualFilterChain.doFilter(FilterChainProxy.java:346)
	at org.springframework.security.web.session.SessionManagementFilter.doFilter(SessionManagementFilter.java:126)
	at org.springframework.security.web.session.SessionManagementFilter.doFilter(SessionManagementFilter.java:81)
	at org.springframework.security.web.FilterChainProxy$VirtualFilterChain.doFilter(FilterChainProxy.java:346)
	at org.springframework.security.web.authentication.AnonymousAuthenticationFilter.doFilter(AnonymousAuthenticationFilter.java:109)
	at org.springframework.security.web.FilterChainProxy$VirtualFilterChain.doFilter(FilterChainProxy.java:346)
	at org.springframework.security.web.servletapi.SecurityContextHolderAwareRequestFilter.doFilter(SecurityContextHolderAwareRequestFilter.java:149)
	at org.springframework.security.web.FilterChainProxy$VirtualFilterChain.doFilter(FilterChainProxy.java:346)
	at org.springframework.security.web.savedrequest.RequestCacheAwareFilter.doFilter(RequestCacheAwareFilter.java:63)
	at org.springframework.security.web.FilterChainProxy$VirtualFilterChain.doFilter(FilterChainProxy.java:346)
	at org.springframework.security.web.authentication.AbstractAuthenticationProcessingFilter.doFilter(AbstractAuthenticationProcessingFilter.java:223)
	at org.springframework.security.web.authentication.AbstractAuthenticationProcessingFilter.doFilter(AbstractAuthenticationProcessingFilter.java:217)
	at org.springframework.security.web.FilterChainProxy$VirtualFilterChain.doFilter(FilterChainProxy.java:346)
	at org.springframework.security.web.authentication.logout.LogoutFilter.doFilter(LogoutFilter.java:103)
	at org.springframework.security.web.authentication.logout.LogoutFilter.doFilter(LogoutFilter.java:89)
	at org.springframework.security.web.FilterChainProxy$VirtualFilterChain.doFilter(FilterChainProxy.java:346)
	at org.springframework.security.web.header.HeaderWriterFilter.doHeadersAfter(HeaderWriterFilter.java:90)
	at org.springframework.security.web.header.HeaderWriterFilter.doFilterInternal(HeaderWriterFilter.java:75)
	at org.springframework.web.filter.OncePerRequestFilter.doFilter(OncePerRequestFilter.java:117)
	at org.springframework.security.web.FilterChainProxy$VirtualFilterChain.doFilter(FilterChainProxy.java:346)
	at org.springframework.security.web.context.SecurityContextPersistenceFilter.doFilter(SecurityContextPersistenceFilter.java:112)
	at org.springframework.security.web.context.SecurityContextPersistenceFilter.doFilter(SecurityContextPersistenceFilter.java:82)
	at org.springframework.security.web.FilterChainProxy$VirtualFilterChain.doFilter(FilterChainProxy.java:346)
	at org.springframework.security.web.context.request.async.WebAsyncManagerIntegrationFilter.doFilterInternal(WebAsyncManagerIntegrationFilter.java:55)
	at org.springframework.web.filter.OncePerRequestFilter.doFilter(OncePerRequestFilter.java:117)
	at org.springframework.security.web.FilterChainProxy$VirtualFilterChain.doFilter(FilterChainProxy.java:346)
	at org.springframework.security.web.session.DisableEncodeUrlFilter.doFilterInternal(DisableEncodeUrlFilter.java:42)
	at org.springframework.web.filter.OncePerRequestFilter.doFilter(OncePerRequestFilter.java:117)
	at org.springframework.security.web.FilterChainProxy$VirtualFilterChain.doFilter(FilterChainProxy.java:346)
	at org.springframework.security.web.FilterChainProxy.doFilterInternal(FilterChainProxy.java:221)
	at org.springframework.security.web.FilterChainProxy.doFilter(FilterChainProxy.java:186)
	at org.springframework.web.filter.DelegatingFilterProxy.invokeDelegate(DelegatingFilterProxy.java:354)
	at org.springframework.web.filter.DelegatingFilterProxy.doFilter(DelegatingFilterProxy.java:267)
	at org.apache.catalina.core.ApplicationFilterChain.internalDoFilter(ApplicationFilterChain.java:178)
	at org.apache.catalina.core.ApplicationFilterChain.doFilter(ApplicationFilterChain.java:153)
	at org.springframework.web.filter.CharacterEncodingFilter.doFilterInternal(CharacterEncodingFilter.java:201)
	at org.springframework.web.filter.OncePerRequestFilter.doFilter(OncePerRequestFilter.java:117)
	at org.apache.catalina.core.ApplicationFilterChain.internalDoFilter(ApplicationFilterChain.java:178)
	at org.apache.catalina.core.ApplicationFilterChain.doFilter(ApplicationFilterChain.java:153)
	at org.apache.catalina.core.StandardWrapperValve.invoke(StandardWrapperValve.java:168)
	at org.apache.catalina.core.StandardContextValve.invoke(StandardContextValve.java:90)
	at org.apache.catalina.authenticator.AuthenticatorBase.invoke(AuthenticatorBase.java:481)
	at org.apache.catalina.core.StandardHostValve.invoke(StandardHostValve.java:130)
	at org.apache.catalina.valves.ErrorReportValve.invoke(ErrorReportValve.java:93)
	at org.apache.catalina.core.StandardEngineValve.invoke(StandardEngineValve.java:74)
	at org.apache.catalina.connector.CoyoteAdapter.service(CoyoteAdapter.java:342)
	at org.apache.coyote.http11.Http11Processor.service(Http11Processor.java:390)
	at org.apache.coyote.AbstractProcessorLight.process(AbstractProcessorLight.java:63)
	at org.apache.coyote.AbstractProtocol$ConnectionHandler.process(AbstractProtocol.java:928)
	at org.apache.tomcat.util.net.NioEndpoint$SocketProcessor.doRun(NioEndpoint.java:1794)
	at org.apache.tomcat.util.net.SocketProcessorBase.run(SocketProcessorBase.java:52)
	at org.apache.tomcat.util.threads.ThreadPoolExecutor.runWorker(ThreadPoolExecutor.java:1191)
	at org.apache.tomcat.util.threads.ThreadPoolExecutor$Worker.run(ThreadPoolExecutor.java:659)
	at org.apache.tomcat.util.threads.TaskThread$WrappingRunnable.run(TaskThread.java:61)
	at java.base/java.lang.Thread.run(Thread.java:833)
Caused by: org.attoparser.ParseException: Error resolving template [../layout/head], template might not exist or might not be accessible by any of the configured Template Resolvers (template: "faq/faqList" - line 8, col 15)
	at org.attoparser.MarkupParser.parseDocument(MarkupParser.java:393)
	at org.attoparser.MarkupParser.parse(MarkupParser.java:257)
	at org.thymeleaf.templateparser.markup.AbstractMarkupTemplateParser.parse(AbstractMarkupTemplateParser.java:230)
	... 81 common frames omitted
Caused by: org.thymeleaf.exceptions.TemplateInputException: Error resolving template [../layout/head], template might not exist or might not be accessible by any of the configured Template Resolvers (template: "faq/faqList" - line 8, col 15)
	at org.thymeleaf.engine.TemplateManager.resolveTemplate(TemplateManager.java:869)
	at org.thymeleaf.engine.TemplateManager.parseStandalone(TemplateManager.java:250)
	at org.thymeleaf.standard.expression.FragmentExpression.resolveExecutedFragmentExpression(FragmentExpression.java:588)
	at org.thymeleaf.standard.processor.AbstractStandardFragmentInsertionTagProcessor.computeFragment(AbstractStandardFragmentInsertionTagProcessor.java:379)
	at org.thymeleaf.standard.processor.AbstractStandardFragmentInsertionTagProcessor.doProcess(AbstractStandardFragmentInsertionTagProcessor.java:110)
	at org.thymeleaf.processor.element.AbstractAttributeTagProcessor.doProcess(AbstractAttributeTagProcessor.java:74)
	at org.thymeleaf.processor.element.AbstractElementTagProcessor.process(AbstractElementTagProcessor.java:95)
	at org.thymeleaf.util.ProcessorConfigurationUtils$ElementTagProcessorWrapper.process(ProcessorConfigurationUtils.java:633)
	at org.thymeleaf.engine.ProcessorTemplateHandler.handleOpenElement(ProcessorTemplateHandler.java:1314)
	at org.thymeleaf.engine.TemplateHandlerAdapterMarkupHandler.handleOpenElementEnd(TemplateHandlerAdapterMarkupHandler.java:304)
	at org.thymeleaf.templateparser.markup.InlinedOutputExpressionMarkupHandler$InlineMarkupAdapterPreProcessorHandler.handleOpenElementEnd(InlinedOutputExpressionMarkupHandler.java:278)
	at org.thymeleaf.standard.inline.OutputExpressionInlinePreProcessorHandler.handleOpenElementEnd(OutputExpressionInlinePreProcessorHandler.java:186)
	at org.thymeleaf.templateparser.markup.InlinedOutputExpressionMarkupHandler.handleOpenElementEnd(InlinedOutputExpressionMarkupHandler.java:124)
	at org.attoparser.HtmlElement.handleOpenElementEnd(HtmlElement.java:109)
	at org.attoparser.HtmlMarkupHandler.handleOpenElementEnd(HtmlMarkupHandler.java:297)
	at org.attoparser.MarkupEventProcessorHandler.handleOpenElementEnd(MarkupEventProcessorHandler.java:402)
	at org.attoparser.ParsingElementMarkupUtil.parseOpenElement(ParsingElementMarkupUtil.java:159)
	at org.attoparser.MarkupParser.parseBuffer(MarkupParser.java:710)
	at org.attoparser.MarkupParser.parseDocument(MarkupParser.java:301)
	... 83 common frames omitted
2023-11-14 15:09:42.557 ERROR [http-nio-8085-exec-1] [o.a.c.c.C.[.[.[/].[dispatcherServlet]] - Servlet.service() for servlet [dispatcherServlet] in context with path [] threw exception [Request processing failed; nested exception is org.thymeleaf.exceptions.TemplateInputException: An error happened during template parsing (template: "class path resource [templates/faq/faqList.html]")] with root cause
org.thymeleaf.exceptions.TemplateInputException: Error resolving template [../layout/head], template might not exist or might not be accessible by any of the configured Template Resolvers (template: "faq/faqList" - line 8, col 15)
	at org.thymeleaf.engine.TemplateManager.resolveTemplate(TemplateManager.java:869)
	at org.thymeleaf.engine.TemplateManager.parseStandalone(TemplateManager.java:250)
	at org.thymeleaf.standard.expression.FragmentExpression.resolveExecutedFragmentExpression(FragmentExpression.java:588)
	at org.thymeleaf.standard.processor.AbstractStandardFragmentInsertionTagProcessor.computeFragment(AbstractStandardFragmentInsertionTagProcessor.java:379)
	at org.thymeleaf.standard.processor.AbstractStandardFragmentInsertionTagProcessor.doProcess(AbstractStandardFragmentInsertionTagProcessor.java:110)
	at org.thymeleaf.processor.element.AbstractAttributeTagProcessor.doProcess(AbstractAttributeTagProcessor.java:74)
	at org.thymeleaf.processor.element.AbstractElementTagProcessor.process(AbstractElementTagProcessor.java:95)
	at org.thymeleaf.util.ProcessorConfigurationUtils$ElementTagProcessorWrapper.process(ProcessorConfigurationUtils.java:633)
	at org.thymeleaf.engine.ProcessorTemplateHandler.handleOpenElement(ProcessorTemplateHandler.java:1314)
	at org.thymeleaf.engine.TemplateHandlerAdapterMarkupHandler.handleOpenElementEnd(TemplateHandlerAdapterMarkupHandler.java:304)
	at org.thymeleaf.templateparser.markup.InlinedOutputExpressionMarkupHandler$InlineMarkupAdapterPreProcessorHandler.handleOpenElementEnd(InlinedOutputExpressionMarkupHandler.java:278)
	at org.thymeleaf.standard.inline.OutputExpressionInlinePreProcessorHandler.handleOpenElementEnd(OutputExpressionInlinePreProcessorHandler.java:186)
	at org.thymeleaf.templateparser.markup.InlinedOutputExpressionMarkupHandler.handleOpenElementEnd(InlinedOutputExpressionMarkupHandler.java:124)
	at org.attoparser.HtmlElement.handleOpenElementEnd(HtmlElement.java:109)
	at org.attoparser.HtmlMarkupHandler.handleOpenElementEnd(HtmlMarkupHandler.java:297)
	at org.attoparser.MarkupEventProcessorHandler.handleOpenElementEnd(MarkupEventProcessorHandler.java:402)
	at org.attoparser.ParsingElementMarkupUtil.parseOpenElement(ParsingElementMarkupUtil.java:159)
	at org.attoparser.MarkupParser.parseBuffer(MarkupParser.java:710)
	at org.attoparser.MarkupParser.parseDocument(MarkupParser.java:301)
	at org.attoparser.MarkupParser.parse(MarkupParser.java:257)
	at org.thymeleaf.templateparser.markup.AbstractMarkupTemplateParser.parse(AbstractMarkupTemplateParser.java:230)
	at org.thymeleaf.templateparser.markup.AbstractMarkupTemplateParser.parseStandalone(AbstractMarkupTemplateParser.java:100)
	at org.thymeleaf.engine.TemplateManager.parseAndProcess(TemplateManager.java:666)
	at org.thymeleaf.TemplateEngine.process(TemplateEngine.java:1098)
	at org.thymeleaf.TemplateEngine.process(TemplateEngine.java:1072)
	at org.thymeleaf.spring5.view.ThymeleafView.renderFragment(ThymeleafView.java:366)
	at org.thymeleaf.spring5.view.ThymeleafView.render(ThymeleafView.java:190)
	at org.springframework.web.servlet.DispatcherServlet.render(DispatcherServlet.java:1406)
	at org.springframework.web.servlet.DispatcherServlet.processDispatchResult(DispatcherServlet.java:1150)
	at org.springframework.web.servlet.DispatcherServlet.doDispatch(DispatcherServlet.java:1089)
	at org.springframework.web.servlet.DispatcherServlet.doService(DispatcherServlet.java:965)
	at org.springframework.web.servlet.FrameworkServlet.processRequest(FrameworkServlet.java:1006)
	at org.springframework.web.servlet.FrameworkServlet.doGet(FrameworkServlet.java:898)
	at javax.servlet.http.HttpServlet.service(HttpServlet.java:529)
	at org.springframework.web.servlet.FrameworkServlet.service(FrameworkServlet.java:883)
	at javax.servlet.http.HttpServlet.service(HttpServlet.java:623)
	at org.apache.catalina.core.ApplicationFilterChain.internalDoFilter(ApplicationFilterChain.java:209)
	at org.apache.catalina.core.ApplicationFilterChain.doFilter(ApplicationFilterChain.java:153)
	at org.apache.tomcat.websocket.server.WsFilter.doFilter(WsFilter.java:51)
	at org.apache.catalina.core.ApplicationFilterChain.internalDoFilter(ApplicationFilterChain.java:178)
	at org.apache.catalina.core.ApplicationFilterChain.doFilter(ApplicationFilterChain.java:153)
	at org.springframework.security.web.FilterChainProxy$VirtualFilterChain.doFilter(FilterChainProxy.java:337)
	at org.springframework.security.web.access.intercept.FilterSecurityInterceptor.invoke(FilterSecurityInterceptor.java:115)
	at org.springframework.security.web.access.intercept.FilterSecurityInterceptor.doFilter(FilterSecurityInterceptor.java:81)
	at org.springframework.security.web.FilterChainProxy$VirtualFilterChain.doFilter(FilterChainProxy.java:346)
	at org.springframework.security.web.access.ExceptionTranslationFilter.doFilter(ExceptionTranslationFilter.java:122)
	at org.springframework.security.web.access.ExceptionTranslationFilter.doFilter(ExceptionTranslationFilter.java:116)
	at org.springframework.security.web.FilterChainProxy$VirtualFilterChain.doFilter(FilterChainProxy.java:346)
	at org.springframework.security.web.session.SessionManagementFilter.doFilter(SessionManagementFilter.java:126)
	at org.springframework.security.web.session.SessionManagementFilter.doFilter(SessionManagementFilter.java:81)
	at org.springframework.security.web.FilterChainProxy$VirtualFilterChain.doFilter(FilterChainProxy.java:346)
	at org.springframework.security.web.authentication.AnonymousAuthenticationFilter.doFilter(AnonymousAuthenticationFilter.java:109)
	at org.springframework.security.web.FilterChainProxy$VirtualFilterChain.doFilter(FilterChainProxy.java:346)
	at org.springframework.security.web.servletapi.SecurityContextHolderAwareRequestFilter.doFilter(SecurityContextHolderAwareRequestFilter.java:149)
	at org.springframework.security.web.FilterChainProxy$VirtualFilterChain.doFilter(FilterChainProxy.java:346)
	at org.springframework.security.web.savedrequest.RequestCacheAwareFilter.doFilter(RequestCacheAwareFilter.java:63)
	at org.springframework.security.web.FilterChainProxy$VirtualFilterChain.doFilter(FilterChainProxy.java:346)
	at org.springframework.security.web.authentication.AbstractAuthenticationProcessingFilter.doFilter(AbstractAuthenticationProcessingFilter.java:223)
	at org.springframework.security.web.authentication.AbstractAuthenticationProcessingFilter.doFilter(AbstractAuthenticationProcessingFilter.java:217)
	at org.springframework.security.web.FilterChainProxy$VirtualFilterChain.doFilter(FilterChainProxy.java:346)
	at org.springframework.security.web.authentication.logout.LogoutFilter.doFilter(LogoutFilter.java:103)
	at org.springframework.security.web.authentication.logout.LogoutFilter.doFilter(LogoutFilter.java:89)
	at org.springframework.security.web.FilterChainProxy$VirtualFilterChain.doFilter(FilterChainProxy.java:346)
	at org.springframework.security.web.header.HeaderWriterFilter.doHeadersAfter(HeaderWriterFilter.java:90)
	at org.springframework.security.web.header.HeaderWriterFilter.doFilterInternal(HeaderWriterFilter.java:75)
	at org.springframework.web.filter.OncePerRequestFilter.doFilter(OncePerRequestFilter.java:117)
	at org.springframework.security.web.FilterChainProxy$VirtualFilterChain.doFilter(FilterChainProxy.java:346)
	at org.springframework.security.web.context.SecurityContextPersistenceFilter.doFilter(SecurityContextPersistenceFilter.java:112)
	at org.springframework.security.web.context.SecurityContextPersistenceFilter.doFilter(SecurityContextPersistenceFilter.java:82)
	at org.springframework.security.web.FilterChainProxy$VirtualFilterChain.doFilter(FilterChainProxy.java:346)
	at org.springframework.security.web.context.request.async.WebAsyncManagerIntegrationFilter.doFilterInternal(WebAsyncManagerIntegrationFilter.java:55)
	at org.springframework.web.filter.OncePerRequestFilter.doFilter(OncePerRequestFilter.java:117)
	at org.springframework.security.web.FilterChainProxy$VirtualFilterChain.doFilter(FilterChainProxy.java:346)
	at org.springframework.security.web.session.DisableEncodeUrlFilter.doFilterInternal(DisableEncodeUrlFilter.java:42)
	at org.springframework.web.filter.OncePerRequestFilter.doFilter(OncePerRequestFilter.java:117)
	at org.springframework.security.web.FilterChainProxy$VirtualFilterChain.doFilter(FilterChainProxy.java:346)
	at org.springframework.security.web.FilterChainProxy.doFilterInternal(FilterChainProxy.java:221)
	at org.springframework.security.web.FilterChainProxy.doFilter(FilterChainProxy.java:186)
	at org.springframework.web.filter.DelegatingFilterProxy.invokeDelegate(DelegatingFilterProxy.java:354)
	at org.springframework.web.filter.DelegatingFilterProxy.doFilter(DelegatingFilterProxy.java:267)
	at org.apache.catalina.core.ApplicationFilterChain.internalDoFilter(ApplicationFilterChain.java:178)
	at org.apache.catalina.core.ApplicationFilterChain.doFilter(ApplicationFilterChain.java:153)
	at org.springframework.web.filter.CharacterEncodingFilter.doFilterInternal(CharacterEncodingFilter.java:201)
	at org.springframework.web.filter.OncePerRequestFilter.doFilter(OncePerRequestFilter.java:117)
	at org.apache.catalina.core.ApplicationFilterChain.internalDoFilter(ApplicationFilterChain.java:178)
	at org.apache.catalina.core.ApplicationFilterChain.doFilter(ApplicationFilterChain.java:153)
	at org.apache.catalina.core.StandardWrapperValve.invoke(StandardWrapperValve.java:168)
	at org.apache.catalina.core.StandardContextValve.invoke(StandardContextValve.java:90)
	at org.apache.catalina.authenticator.AuthenticatorBase.invoke(AuthenticatorBase.java:481)
	at org.apache.catalina.core.StandardHostValve.invoke(StandardHostValve.java:130)
	at org.apache.catalina.valves.ErrorReportValve.invoke(ErrorReportValve.java:93)
	at org.apache.catalina.core.StandardEngineValve.invoke(StandardEngineValve.java:74)
	at org.apache.catalina.connector.CoyoteAdapter.service(CoyoteAdapter.java:342)
	at org.apache.coyote.http11.Http11Processor.service(Http11Processor.java:390)
	at org.apache.coyote.AbstractProcessorLight.process(AbstractProcessorLight.java:63)
	at org.apache.coyote.AbstractProtocol$ConnectionHandler.process(AbstractProtocol.java:928)
	at org.apache.tomcat.util.net.NioEndpoint$SocketProcessor.doRun(NioEndpoint.java:1794)
	at org.apache.tomcat.util.net.SocketProcessorBase.run(SocketProcessorBase.java:52)
	at org.apache.tomcat.util.threads.ThreadPoolExecutor.runWorker(ThreadPoolExecutor.java:1191)
	at org.apache.tomcat.util.threads.ThreadPoolExecutor$Worker.run(ThreadPoolExecutor.java:659)
	at org.apache.tomcat.util.threads.TaskThread$WrappingRunnable.run(TaskThread.java:61)
	at java.base/java.lang.Thread.run(Thread.java:833)
2023-11-14 15:09:45.579 ERROR [http-nio-8085-exec-3] [org.thymeleaf.TemplateEngine] - [THYMELEAF][http-nio-8085-exec-3] Exception processing template "faq/faqList": An error happened during template parsing (template: "class path resource [templates/faq/faqList.html]")
org.thymeleaf.exceptions.TemplateInputException: An error happened during template parsing (template: "class path resource [templates/faq/faqList.html]")
	at org.thymeleaf.templateparser.markup.AbstractMarkupTemplateParser.parse(AbstractMarkupTemplateParser.java:241)
	at org.thymeleaf.templateparser.markup.AbstractMarkupTemplateParser.parseStandalone(AbstractMarkupTemplateParser.java:100)
	at org.thymeleaf.engine.TemplateManager.parseAndProcess(TemplateManager.java:666)
	at org.thymeleaf.TemplateEngine.process(TemplateEngine.java:1098)
	at org.thymeleaf.TemplateEngine.process(TemplateEngine.java:1072)
	at org.thymeleaf.spring5.view.ThymeleafView.renderFragment(ThymeleafView.java:366)
	at org.thymeleaf.spring5.view.ThymeleafView.render(ThymeleafView.java:190)
	at org.springframework.web.servlet.DispatcherServlet.render(DispatcherServlet.java:1406)
	at org.springframework.web.servlet.DispatcherServlet.processDispatchResult(DispatcherServlet.java:1150)
	at org.springframework.web.servlet.DispatcherServlet.doDispatch(DispatcherServlet.java:1089)
	at org.springframework.web.servlet.DispatcherServlet.doService(DispatcherServlet.java:965)
	at org.springframework.web.servlet.FrameworkServlet.processRequest(FrameworkServlet.java:1006)
	at org.springframework.web.servlet.FrameworkServlet.doGet(FrameworkServlet.java:898)
	at javax.servlet.http.HttpServlet.service(HttpServlet.java:529)
	at org.springframework.web.servlet.FrameworkServlet.service(FrameworkServlet.java:883)
	at javax.servlet.http.HttpServlet.service(HttpServlet.java:623)
	at org.apache.catalina.core.ApplicationFilterChain.internalDoFilter(ApplicationFilterChain.java:209)
	at org.apache.catalina.core.ApplicationFilterChain.doFilter(ApplicationFilterChain.java:153)
	at org.apache.tomcat.websocket.server.WsFilter.doFilter(WsFilter.java:51)
	at org.apache.catalina.core.ApplicationFilterChain.internalDoFilter(ApplicationFilterChain.java:178)
	at org.apache.catalina.core.ApplicationFilterChain.doFilter(ApplicationFilterChain.java:153)
	at org.springframework.security.web.FilterChainProxy$VirtualFilterChain.doFilter(FilterChainProxy.java:337)
	at org.springframework.security.web.access.intercept.FilterSecurityInterceptor.invoke(FilterSecurityInterceptor.java:115)
	at org.springframework.security.web.access.intercept.FilterSecurityInterceptor.doFilter(FilterSecurityInterceptor.java:81)
	at org.springframework.security.web.FilterChainProxy$VirtualFilterChain.doFilter(FilterChainProxy.java:346)
	at org.springframework.security.web.access.ExceptionTranslationFilter.doFilter(ExceptionTranslationFilter.java:122)
	at org.springframework.security.web.access.ExceptionTranslationFilter.doFilter(ExceptionTranslationFilter.java:116)
	at org.springframework.security.web.FilterChainProxy$VirtualFilterChain.doFilter(FilterChainProxy.java:346)
	at org.springframework.security.web.session.SessionManagementFilter.doFilter(SessionManagementFilter.java:126)
	at org.springframework.security.web.session.SessionManagementFilter.doFilter(SessionManagementFilter.java:81)
	at org.springframework.security.web.FilterChainProxy$VirtualFilterChain.doFilter(FilterChainProxy.java:346)
	at org.springframework.security.web.authentication.AnonymousAuthenticationFilter.doFilter(AnonymousAuthenticationFilter.java:109)
	at org.springframework.security.web.FilterChainProxy$VirtualFilterChain.doFilter(FilterChainProxy.java:346)
	at org.springframework.security.web.servletapi.SecurityContextHolderAwareRequestFilter.doFilter(SecurityContextHolderAwareRequestFilter.java:149)
	at org.springframework.security.web.FilterChainProxy$VirtualFilterChain.doFilter(FilterChainProxy.java:346)
	at org.springframework.security.web.savedrequest.RequestCacheAwareFilter.doFilter(RequestCacheAwareFilter.java:63)
	at org.springframework.security.web.FilterChainProxy$VirtualFilterChain.doFilter(FilterChainProxy.java:346)
	at org.springframework.security.web.authentication.AbstractAuthenticationProcessingFilter.doFilter(AbstractAuthenticationProcessingFilter.java:223)
	at org.springframework.security.web.authentication.AbstractAuthenticationProcessingFilter.doFilter(AbstractAuthenticationProcessingFilter.java:217)
	at org.springframework.security.web.FilterChainProxy$VirtualFilterChain.doFilter(FilterChainProxy.java:346)
	at org.springframework.security.web.authentication.logout.LogoutFilter.doFilter(LogoutFilter.java:103)
	at org.springframework.security.web.authentication.logout.LogoutFilter.doFilter(LogoutFilter.java:89)
	at org.springframework.security.web.FilterChainProxy$VirtualFilterChain.doFilter(FilterChainProxy.java:346)
	at org.springframework.security.web.header.HeaderWriterFilter.doHeadersAfter(HeaderWriterFilter.java:90)
	at org.springframework.security.web.header.HeaderWriterFilter.doFilterInternal(HeaderWriterFilter.java:75)
	at org.springframework.web.filter.OncePerRequestFilter.doFilter(OncePerRequestFilter.java:117)
	at org.springframework.security.web.FilterChainProxy$VirtualFilterChain.doFilter(FilterChainProxy.java:346)
	at org.springframework.security.web.context.SecurityContextPersistenceFilter.doFilter(SecurityContextPersistenceFilter.java:112)
	at org.springframework.security.web.context.SecurityContextPersistenceFilter.doFilter(SecurityContextPersistenceFilter.java:82)
	at org.springframework.security.web.FilterChainProxy$VirtualFilterChain.doFilter(FilterChainProxy.java:346)
	at org.springframework.security.web.context.request.async.WebAsyncManagerIntegrationFilter.doFilterInternal(WebAsyncManagerIntegrationFilter.java:55)
	at org.springframework.web.filter.OncePerRequestFilter.doFilter(OncePerRequestFilter.java:117)
	at org.springframework.security.web.FilterChainProxy$VirtualFilterChain.doFilter(FilterChainProxy.java:346)
	at org.springframework.security.web.session.DisableEncodeUrlFilter.doFilterInternal(DisableEncodeUrlFilter.java:42)
	at org.springframework.web.filter.OncePerRequestFilter.doFilter(OncePerRequestFilter.java:117)
	at org.springframework.security.web.FilterChainProxy$VirtualFilterChain.doFilter(FilterChainProxy.java:346)
	at org.springframework.security.web.FilterChainProxy.doFilterInternal(FilterChainProxy.java:221)
	at org.springframework.security.web.FilterChainProxy.doFilter(FilterChainProxy.java:186)
	at org.springframework.web.filter.DelegatingFilterProxy.invokeDelegate(DelegatingFilterProxy.java:354)
	at org.springframework.web.filter.DelegatingFilterProxy.doFilter(DelegatingFilterProxy.java:267)
	at org.apache.catalina.core.ApplicationFilterChain.internalDoFilter(ApplicationFilterChain.java:178)
	at org.apache.catalina.core.ApplicationFilterChain.doFilter(ApplicationFilterChain.java:153)
	at org.springframework.web.filter.CharacterEncodingFilter.doFilterInternal(CharacterEncodingFilter.java:201)
	at org.springframework.web.filter.OncePerRequestFilter.doFilter(OncePerRequestFilter.java:117)
	at org.apache.catalina.core.ApplicationFilterChain.internalDoFilter(ApplicationFilterChain.java:178)
	at org.apache.catalina.core.ApplicationFilterChain.doFilter(ApplicationFilterChain.java:153)
	at org.apache.catalina.core.StandardWrapperValve.invoke(StandardWrapperValve.java:168)
	at org.apache.catalina.core.StandardContextValve.invoke(StandardContextValve.java:90)
	at org.apache.catalina.authenticator.AuthenticatorBase.invoke(AuthenticatorBase.java:481)
	at org.apache.catalina.core.StandardHostValve.invoke(StandardHostValve.java:130)
	at org.apache.catalina.valves.ErrorReportValve.invoke(ErrorReportValve.java:93)
	at org.apache.catalina.core.StandardEngineValve.invoke(StandardEngineValve.java:74)
	at org.apache.catalina.connector.CoyoteAdapter.service(CoyoteAdapter.java:342)
	at org.apache.coyote.http11.Http11Processor.service(Http11Processor.java:390)
	at org.apache.coyote.AbstractProcessorLight.process(AbstractProcessorLight.java:63)
	at org.apache.coyote.AbstractProtocol$ConnectionHandler.process(AbstractProtocol.java:928)
	at org.apache.tomcat.util.net.NioEndpoint$SocketProcessor.doRun(NioEndpoint.java:1794)
	at org.apache.tomcat.util.net.SocketProcessorBase.run(SocketProcessorBase.java:52)
	at org.apache.tomcat.util.threads.ThreadPoolExecutor.runWorker(ThreadPoolExecutor.java:1191)
	at org.apache.tomcat.util.threads.ThreadPoolExecutor$Worker.run(ThreadPoolExecutor.java:659)
	at org.apache.tomcat.util.threads.TaskThread$WrappingRunnable.run(TaskThread.java:61)
	at java.base/java.lang.Thread.run(Thread.java:833)
Caused by: org.attoparser.ParseException: Error resolving template [../layout/head], template might not exist or might not be accessible by any of the configured Template Resolvers (template: "faq/faqList" - line 8, col 15)
	at org.attoparser.MarkupParser.parseDocument(MarkupParser.java:393)
	at org.attoparser.MarkupParser.parse(MarkupParser.java:257)
	at org.thymeleaf.templateparser.markup.AbstractMarkupTemplateParser.parse(AbstractMarkupTemplateParser.java:230)
	... 81 common frames omitted
Caused by: org.thymeleaf.exceptions.TemplateInputException: Error resolving template [../layout/head], template might not exist or might not be accessible by any of the configured Template Resolvers (template: "faq/faqList" - line 8, col 15)
	at org.thymeleaf.engine.TemplateManager.resolveTemplate(TemplateManager.java:869)
	at org.thymeleaf.engine.TemplateManager.parseStandalone(TemplateManager.java:250)
	at org.thymeleaf.standard.expression.FragmentExpression.resolveExecutedFragmentExpression(FragmentExpression.java:588)
	at org.thymeleaf.standard.processor.AbstractStandardFragmentInsertionTagProcessor.computeFragment(AbstractStandardFragmentInsertionTagProcessor.java:379)
	at org.thymeleaf.standard.processor.AbstractStandardFragmentInsertionTagProcessor.doProcess(AbstractStandardFragmentInsertionTagProcessor.java:110)
	at org.thymeleaf.processor.element.AbstractAttributeTagProcessor.doProcess(AbstractAttributeTagProcessor.java:74)
	at org.thymeleaf.processor.element.AbstractElementTagProcessor.process(AbstractElementTagProcessor.java:95)
	at org.thymeleaf.util.ProcessorConfigurationUtils$ElementTagProcessorWrapper.process(ProcessorConfigurationUtils.java:633)
	at org.thymeleaf.engine.ProcessorTemplateHandler.handleOpenElement(ProcessorTemplateHandler.java:1314)
	at org.thymeleaf.engine.TemplateHandlerAdapterMarkupHandler.handleOpenElementEnd(TemplateHandlerAdapterMarkupHandler.java:304)
	at org.thymeleaf.templateparser.markup.InlinedOutputExpressionMarkupHandler$InlineMarkupAdapterPreProcessorHandler.handleOpenElementEnd(InlinedOutputExpressionMarkupHandler.java:278)
	at org.thymeleaf.standard.inline.OutputExpressionInlinePreProcessorHandler.handleOpenElementEnd(OutputExpressionInlinePreProcessorHandler.java:186)
	at org.thymeleaf.templateparser.markup.InlinedOutputExpressionMarkupHandler.handleOpenElementEnd(InlinedOutputExpressionMarkupHandler.java:124)
	at org.attoparser.HtmlElement.handleOpenElementEnd(HtmlElement.java:109)
	at org.attoparser.HtmlMarkupHandler.handleOpenElementEnd(HtmlMarkupHandler.java:297)
	at org.attoparser.MarkupEventProcessorHandler.handleOpenElementEnd(MarkupEventProcessorHandler.java:402)
	at org.attoparser.ParsingElementMarkupUtil.parseOpenElement(ParsingElementMarkupUtil.java:159)
	at org.attoparser.MarkupParser.parseBuffer(MarkupParser.java:710)
	at org.attoparser.MarkupParser.parseDocument(MarkupParser.java:301)
	... 83 common frames omitted
2023-11-14 15:09:45.581 ERROR [http-nio-8085-exec-3] [o.a.c.c.C.[.[.[/].[dispatcherServlet]] - Servlet.service() for servlet [dispatcherServlet] in context with path [] threw exception [Request processing failed; nested exception is org.thymeleaf.exceptions.TemplateInputException: An error happened during template parsing (template: "class path resource [templates/faq/faqList.html]")] with root cause
org.thymeleaf.exceptions.TemplateInputException: Error resolving template [../layout/head], template might not exist or might not be accessible by any of the configured Template Resolvers (template: "faq/faqList" - line 8, col 15)
	at org.thymeleaf.engine.TemplateManager.resolveTemplate(TemplateManager.java:869)
	at org.thymeleaf.engine.TemplateManager.parseStandalone(TemplateManager.java:250)
	at org.thymeleaf.standard.expression.FragmentExpression.resolveExecutedFragmentExpression(FragmentExpression.java:588)
	at org.thymeleaf.standard.processor.AbstractStandardFragmentInsertionTagProcessor.computeFragment(AbstractStandardFragmentInsertionTagProcessor.java:379)
	at org.thymeleaf.standard.processor.AbstractStandardFragmentInsertionTagProcessor.doProcess(AbstractStandardFragmentInsertionTagProcessor.java:110)
	at org.thymeleaf.processor.element.AbstractAttributeTagProcessor.doProcess(AbstractAttributeTagProcessor.java:74)
	at org.thymeleaf.processor.element.AbstractElementTagProcessor.process(AbstractElementTagProcessor.java:95)
	at org.thymeleaf.util.ProcessorConfigurationUtils$ElementTagProcessorWrapper.process(ProcessorConfigurationUtils.java:633)
	at org.thymeleaf.engine.ProcessorTemplateHandler.handleOpenElement(ProcessorTemplateHandler.java:1314)
	at org.thymeleaf.engine.TemplateHandlerAdapterMarkupHandler.handleOpenElementEnd(TemplateHandlerAdapterMarkupHandler.java:304)
	at org.thymeleaf.templateparser.markup.InlinedOutputExpressionMarkupHandler$InlineMarkupAdapterPreProcessorHandler.handleOpenElementEnd(InlinedOutputExpressionMarkupHandler.java:278)
	at org.thymeleaf.standard.inline.OutputExpressionInlinePreProcessorHandler.handleOpenElementEnd(OutputExpressionInlinePreProcessorHandler.java:186)
	at org.thymeleaf.templateparser.markup.InlinedOutputExpressionMarkupHandler.handleOpenElementEnd(InlinedOutputExpressionMarkupHandler.java:124)
	at org.attoparser.HtmlElement.handleOpenElementEnd(HtmlElement.java:109)
	at org.attoparser.HtmlMarkupHandler.handleOpenElementEnd(HtmlMarkupHandler.java:297)
	at org.attoparser.MarkupEventProcessorHandler.handleOpenElementEnd(MarkupEventProcessorHandler.java:402)
	at org.attoparser.ParsingElementMarkupUtil.parseOpenElement(ParsingElementMarkupUtil.java:159)
	at org.attoparser.MarkupParser.parseBuffer(MarkupParser.java:710)
	at org.attoparser.MarkupParser.parseDocument(MarkupParser.java:301)
	at org.attoparser.MarkupParser.parse(MarkupParser.java:257)
	at org.thymeleaf.templateparser.markup.AbstractMarkupTemplateParser.parse(AbstractMarkupTemplateParser.java:230)
	at org.thymeleaf.templateparser.markup.AbstractMarkupTemplateParser.parseStandalone(AbstractMarkupTemplateParser.java:100)
	at org.thymeleaf.engine.TemplateManager.parseAndProcess(TemplateManager.java:666)
	at org.thymeleaf.TemplateEngine.process(TemplateEngine.java:1098)
	at org.thymeleaf.TemplateEngine.process(TemplateEngine.java:1072)
	at org.thymeleaf.spring5.view.ThymeleafView.renderFragment(ThymeleafView.java:366)
	at org.thymeleaf.spring5.view.ThymeleafView.render(ThymeleafView.java:190)
	at org.springframework.web.servlet.DispatcherServlet.render(DispatcherServlet.java:1406)
	at org.springframework.web.servlet.DispatcherServlet.processDispatchResult(DispatcherServlet.java:1150)
	at org.springframework.web.servlet.DispatcherServlet.doDispatch(DispatcherServlet.java:1089)
	at org.springframework.web.servlet.DispatcherServlet.doService(DispatcherServlet.java:965)
	at org.springframework.web.servlet.FrameworkServlet.processRequest(FrameworkServlet.java:1006)
	at org.springframework.web.servlet.FrameworkServlet.doGet(FrameworkServlet.java:898)
	at javax.servlet.http.HttpServlet.service(HttpServlet.java:529)
	at org.springframework.web.servlet.FrameworkServlet.service(FrameworkServlet.java:883)
	at javax.servlet.http.HttpServlet.service(HttpServlet.java:623)
	at org.apache.catalina.core.ApplicationFilterChain.internalDoFilter(ApplicationFilterChain.java:209)
	at org.apache.catalina.core.ApplicationFilterChain.doFilter(ApplicationFilterChain.java:153)
	at org.apache.tomcat.websocket.server.WsFilter.doFilter(WsFilter.java:51)
	at org.apache.catalina.core.ApplicationFilterChain.internalDoFilter(ApplicationFilterChain.java:178)
	at org.apache.catalina.core.ApplicationFilterChain.doFilter(ApplicationFilterChain.java:153)
	at org.springframework.security.web.FilterChainProxy$VirtualFilterChain.doFilter(FilterChainProxy.java:337)
	at org.springframework.security.web.access.intercept.FilterSecurityInterceptor.invoke(FilterSecurityInterceptor.java:115)
	at org.springframework.security.web.access.intercept.FilterSecurityInterceptor.doFilter(FilterSecurityInterceptor.java:81)
	at org.springframework.security.web.FilterChainProxy$VirtualFilterChain.doFilter(FilterChainProxy.java:346)
	at org.springframework.security.web.access.ExceptionTranslationFilter.doFilter(ExceptionTranslationFilter.java:122)
	at org.springframework.security.web.access.ExceptionTranslationFilter.doFilter(ExceptionTranslationFilter.java:116)
	at org.springframework.security.web.FilterChainProxy$VirtualFilterChain.doFilter(FilterChainProxy.java:346)
	at org.springframework.security.web.session.SessionManagementFilter.doFilter(SessionManagementFilter.java:126)
	at org.springframework.security.web.session.SessionManagementFilter.doFilter(SessionManagementFilter.java:81)
	at org.springframework.security.web.FilterChainProxy$VirtualFilterChain.doFilter(FilterChainProxy.java:346)
	at org.springframework.security.web.authentication.AnonymousAuthenticationFilter.doFilter(AnonymousAuthenticationFilter.java:109)
	at org.springframework.security.web.FilterChainProxy$VirtualFilterChain.doFilter(FilterChainProxy.java:346)
	at org.springframework.security.web.servletapi.SecurityContextHolderAwareRequestFilter.doFilter(SecurityContextHolderAwareRequestFilter.java:149)
	at org.springframework.security.web.FilterChainProxy$VirtualFilterChain.doFilter(FilterChainProxy.java:346)
	at org.springframework.security.web.savedrequest.RequestCacheAwareFilter.doFilter(RequestCacheAwareFilter.java:63)
	at org.springframework.security.web.FilterChainProxy$VirtualFilterChain.doFilter(FilterChainProxy.java:346)
	at org.springframework.security.web.authentication.AbstractAuthenticationProcessingFilter.doFilter(AbstractAuthenticationProcessingFilter.java:223)
	at org.springframework.security.web.authentication.AbstractAuthenticationProcessingFilter.doFilter(AbstractAuthenticationProcessingFilter.java:217)
	at org.springframework.security.web.FilterChainProxy$VirtualFilterChain.doFilter(FilterChainProxy.java:346)
	at org.springframework.security.web.authentication.logout.LogoutFilter.doFilter(LogoutFilter.java:103)
	at org.springframework.security.web.authentication.logout.LogoutFilter.doFilter(LogoutFilter.java:89)
	at org.springframework.security.web.FilterChainProxy$VirtualFilterChain.doFilter(FilterChainProxy.java:346)
	at org.springframework.security.web.header.HeaderWriterFilter.doHeadersAfter(HeaderWriterFilter.java:90)
	at org.springframework.security.web.header.HeaderWriterFilter.doFilterInternal(HeaderWriterFilter.java:75)
	at org.springframework.web.filter.OncePerRequestFilter.doFilter(OncePerRequestFilter.java:117)
	at org.springframework.security.web.FilterChainProxy$VirtualFilterChain.doFilter(FilterChainProxy.java:346)
	at org.springframework.security.web.context.SecurityContextPersistenceFilter.doFilter(SecurityContextPersistenceFilter.java:112)
	at org.springframework.security.web.context.SecurityContextPersistenceFilter.doFilter(SecurityContextPersistenceFilter.java:82)
	at org.springframework.security.web.FilterChainProxy$VirtualFilterChain.doFilter(FilterChainProxy.java:346)
	at org.springframework.security.web.context.request.async.WebAsyncManagerIntegrationFilter.doFilterInternal(WebAsyncManagerIntegrationFilter.java:55)
	at org.springframework.web.filter.OncePerRequestFilter.doFilter(OncePerRequestFilter.java:117)
	at org.springframework.security.web.FilterChainProxy$VirtualFilterChain.doFilter(FilterChainProxy.java:346)
	at org.springframework.security.web.session.DisableEncodeUrlFilter.doFilterInternal(DisableEncodeUrlFilter.java:42)
	at org.springframework.web.filter.OncePerRequestFilter.doFilter(OncePerRequestFilter.java:117)
	at org.springframework.security.web.FilterChainProxy$VirtualFilterChain.doFilter(FilterChainProxy.java:346)
	at org.springframework.security.web.FilterChainProxy.doFilterInternal(FilterChainProxy.java:221)
	at org.springframework.security.web.FilterChainProxy.doFilter(FilterChainProxy.java:186)
	at org.springframework.web.filter.DelegatingFilterProxy.invokeDelegate(DelegatingFilterProxy.java:354)
	at org.springframework.web.filter.DelegatingFilterProxy.doFilter(DelegatingFilterProxy.java:267)
	at org.apache.catalina.core.ApplicationFilterChain.internalDoFilter(ApplicationFilterChain.java:178)
	at org.apache.catalina.core.ApplicationFilterChain.doFilter(ApplicationFilterChain.java:153)
	at org.springframework.web.filter.CharacterEncodingFilter.doFilterInternal(CharacterEncodingFilter.java:201)
	at org.springframework.web.filter.OncePerRequestFilter.doFilter(OncePerRequestFilter.java:117)
	at org.apache.catalina.core.ApplicationFilterChain.internalDoFilter(ApplicationFilterChain.java:178)
	at org.apache.catalina.core.ApplicationFilterChain.doFilter(ApplicationFilterChain.java:153)
	at org.apache.catalina.core.StandardWrapperValve.invoke(StandardWrapperValve.java:168)
	at org.apache.catalina.core.StandardContextValve.invoke(StandardContextValve.java:90)
	at org.apache.catalina.authenticator.AuthenticatorBase.invoke(AuthenticatorBase.java:481)
	at org.apache.catalina.core.StandardHostValve.invoke(StandardHostValve.java:130)
	at org.apache.catalina.valves.ErrorReportValve.invoke(ErrorReportValve.java:93)
	at org.apache.catalina.core.StandardEngineValve.invoke(StandardEngineValve.java:74)
	at org.apache.catalina.connector.CoyoteAdapter.service(CoyoteAdapter.java:342)
	at org.apache.coyote.http11.Http11Processor.service(Http11Processor.java:390)
	at org.apache.coyote.AbstractProcessorLight.process(AbstractProcessorLight.java:63)
	at org.apache.coyote.AbstractProtocol$ConnectionHandler.process(AbstractProtocol.java:928)
	at org.apache.tomcat.util.net.NioEndpoint$SocketProcessor.doRun(NioEndpoint.java:1794)
	at org.apache.tomcat.util.net.SocketProcessorBase.run(SocketProcessorBase.java:52)
	at org.apache.tomcat.util.threads.ThreadPoolExecutor.runWorker(ThreadPoolExecutor.java:1191)
	at org.apache.tomcat.util.threads.ThreadPoolExecutor$Worker.run(ThreadPoolExecutor.java:659)
	at org.apache.tomcat.util.threads.TaskThread$WrappingRunnable.run(TaskThread.java:61)
	at java.base/java.lang.Thread.run(Thread.java:833)
2023-11-14 15:10:20.141 INFO  [SpringApplicationShutdownHook] [com.zaxxer.hikari.HikariDataSource] - HikariPool-1 - Shutdown initiated...
2023-11-14 15:10:20.143 INFO  [SpringApplicationShutdownHook] [com.zaxxer.hikari.HikariDataSource] - HikariPool-1 - Shutdown completed.
2023-11-14 15:10:23.185 INFO  [restartedMain] [com.chunjae.pro05.Pro05Application] - Starting Pro05Application using Java 17.0.7 on FULL8-001 with PID 15784 (D:\PARK\Chunjae_IT_Edu-Per_Proj05\build\classes\java\main started by db400tea in D:\PARK\Chunjae_IT_Edu-Per_Proj05)
2023-11-14 15:10:23.186 INFO  [restartedMain] [com.chunjae.pro05.Pro05Application] - No active profile set, falling back to 1 default profile: "default"
2023-11-14 15:10:23.212 INFO  [restartedMain] [o.s.b.d.e.DevToolsPropertyDefaultsPostProcessor] - Devtools property defaults active! Set 'spring.devtools.add-properties' to 'false' to disable
2023-11-14 15:10:23.212 INFO  [restartedMain] [o.s.b.d.e.DevToolsPropertyDefaultsPostProcessor] - For additional web related logging consider setting the 'logging.level.web' property to 'DEBUG'
2023-11-14 15:10:23.788 INFO  [restartedMain] [o.s.b.w.embedded.tomcat.TomcatWebServer] - Tomcat initialized with port(s): 8085 (http)
2023-11-14 15:10:23.793 INFO  [restartedMain] [o.apache.coyote.http11.Http11NioProtocol] - Initializing ProtocolHandler ["http-nio-8085"]
2023-11-14 15:10:23.794 INFO  [restartedMain] [org.apache.catalina.core.StandardService] - Starting service [Tomcat]
2023-11-14 15:10:23.794 INFO  [restartedMain] [org.apache.catalina.core.StandardEngine] - Starting Servlet engine: [Apache Tomcat/9.0.82]
2023-11-14 15:10:23.834 INFO  [restartedMain] [o.a.c.c.C.[Tomcat].[localhost].[/]] - Initializing Spring embedded WebApplicationContext
2023-11-14 15:10:23.834 INFO  [restartedMain] [o.s.b.w.s.c.ServletWebServerApplicationContext] - Root WebApplicationContext: initialization completed in 622 ms
2023-11-14 15:10:23.972 WARN  [restartedMain] [o.s.b.a.s.s.UserDetailsServiceAutoConfiguration] - 

Using generated security password: 712c121a-cb35-4675-b82e-ad4060aca3ac

This generated password is for development use only. Your security configuration must be updated before running your application in production.

2023-11-14 15:10:24.006 WARN  [restartedMain] [o.s.s.c.a.web.builders.WebSecurity] - You are asking Spring Security to ignore Ant [pattern='/css/**']. This is not recommended -- please use permitAll via HttpSecurity#authorizeHttpRequests instead.
2023-11-14 15:10:24.007 INFO  [restartedMain] [o.s.s.web.DefaultSecurityFilterChain] - Will not secure Ant [pattern='/css/**']
2023-11-14 15:10:24.007 WARN  [restartedMain] [o.s.s.c.a.web.builders.WebSecurity] - You are asking Spring Security to ignore Ant [pattern='/js/**']. This is not recommended -- please use permitAll via HttpSecurity#authorizeHttpRequests instead.
2023-11-14 15:10:24.007 INFO  [restartedMain] [o.s.s.web.DefaultSecurityFilterChain] - Will not secure Ant [pattern='/js/**']
2023-11-14 15:10:24.007 WARN  [restartedMain] [o.s.s.c.a.web.builders.WebSecurity] - You are asking Spring Security to ignore Ant [pattern='/images/**']. This is not recommended -- please use permitAll via HttpSecurity#authorizeHttpRequests instead.
2023-11-14 15:10:24.007 INFO  [restartedMain] [o.s.s.web.DefaultSecurityFilterChain] - Will not secure Ant [pattern='/images/**']
2023-11-14 15:10:24.007 WARN  [restartedMain] [o.s.s.c.a.web.builders.WebSecurity] - You are asking Spring Security to ignore Ant [pattern='/fonts/**']. This is not recommended -- please use permitAll via HttpSecurity#authorizeHttpRequests instead.
2023-11-14 15:10:24.007 INFO  [restartedMain] [o.s.s.web.DefaultSecurityFilterChain] - Will not secure Ant [pattern='/fonts/**']
2023-11-14 15:10:24.007 WARN  [restartedMain] [o.s.s.c.a.web.builders.WebSecurity] - You are asking Spring Security to ignore Ant [pattern='/vendor/**']. This is not recommended -- please use permitAll via HttpSecurity#authorizeHttpRequests instead.
2023-11-14 15:10:24.007 INFO  [restartedMain] [o.s.s.web.DefaultSecurityFilterChain] - Will not secure Ant [pattern='/vendor/**']
2023-11-14 15:10:24.027 INFO  [restartedMain] [o.s.s.web.DefaultSecurityFilterChain] - Will secure any request with [org.springframework.security.web.session.DisableEncodeUrlFilter@316d55f9, org.springframework.security.web.context.request.async.WebAsyncManagerIntegrationFilter@624236a4, org.springframework.security.web.context.SecurityContextPersistenceFilter@1f80b950, org.springframework.security.web.header.HeaderWriterFilter@671a6b71, org.springframework.security.web.authentication.logout.LogoutFilter@16ce3cf7, org.springframework.security.web.authentication.UsernamePasswordAuthenticationFilter@b10d529, org.springframework.security.web.savedrequest.RequestCacheAwareFilter@7e55e35e, org.springframework.security.web.servletapi.SecurityContextHolderAwareRequestFilter@3bdc60ba, org.springframework.security.web.authentication.AnonymousAuthenticationFilter@6cc1629b, org.springframework.security.web.session.SessionManagementFilter@43343bdc, org.springframework.security.web.access.ExceptionTranslationFilter@35d07ce1, org.springframework.security.web.access.intercept.FilterSecurityInterceptor@7b9da6ee]
2023-11-14 15:10:24.195 INFO  [restartedMain] [o.s.b.d.a.OptionalLiveReloadServer] - LiveReload server is running on port 35729
2023-11-14 15:10:24.203 INFO  [restartedMain] [o.apache.coyote.http11.Http11NioProtocol] - Starting ProtocolHandler ["http-nio-8085"]
2023-11-14 15:10:24.215 INFO  [restartedMain] [o.s.b.w.embedded.tomcat.TomcatWebServer] - Tomcat started on port(s): 8085 (http) with context path ''
2023-11-14 15:10:24.223 INFO  [restartedMain] [com.chunjae.pro05.Pro05Application] - Started Pro05Application in 1.233 seconds (JVM running for 1.647)
2023-11-14 15:10:41.914 INFO  [http-nio-8085-exec-1] [o.a.c.c.C.[Tomcat].[localhost].[/]] - Initializing Spring DispatcherServlet 'dispatcherServlet'
2023-11-14 15:10:41.914 INFO  [http-nio-8085-exec-1] [o.s.web.servlet.DispatcherServlet] - Initializing Servlet 'dispatcherServlet'
2023-11-14 15:10:41.914 INFO  [http-nio-8085-exec-1] [o.s.web.servlet.DispatcherServlet] - Completed initialization in 0 ms
2023-11-14 15:10:41.939 INFO  [http-nio-8085-exec-1] [com.zaxxer.hikari.HikariDataSource] - HikariPool-1 - Starting...
2023-11-14 15:10:41.982 INFO  [http-nio-8085-exec-1] [com.zaxxer.hikari.HikariDataSource] - HikariPool-1 - Start completed.
2023-11-14 15:15:46.131 INFO  [SpringApplicationShutdownHook] [com.zaxxer.hikari.HikariDataSource] - HikariPool-1 - Shutdown initiated...
2023-11-14 15:15:46.134 INFO  [SpringApplicationShutdownHook] [com.zaxxer.hikari.HikariDataSource] - HikariPool-1 - Shutdown completed.
