2023-11-10 09:31:08.812 INFO  [restartedMain] [com.chunjae.pro05.Pro05Application] - Starting Pro05Application using Java 17.0.7 on FULL8-001 with PID 2108 (D:\PARK\Chunjae_IT_Edu-Per_Proj05\build\classes\java\main started by db400tea in D:\PARK\Chunjae_IT_Edu-Per_Proj05)
2023-11-10 09:31:08.814 INFO  [restartedMain] [com.chunjae.pro05.Pro05Application] - No active profile set, falling back to 1 default profile: "default"
2023-11-10 09:31:08.839 INFO  [restartedMain] [o.s.b.d.e.DevToolsPropertyDefaultsPostProcessor] - Devtools property defaults active! Set 'spring.devtools.add-properties' to 'false' to disable
2023-11-10 09:31:08.893 INFO  [restartedMain] [o.s.b.d.e.DevToolsPropertyDefaultsPostProcessor] - For additional web related logging consider setting the 'logging.level.web' property to 'DEBUG'
2023-11-10 09:31:09.231 WARN  [restartedMain] [o.m.spring.mapper.ClassPathMapperScanner] - No MyBatis mapper was found in '[com.chunjae.pro05]' package. Please check your configuration.
2023-11-10 09:31:09.447 INFO  [restartedMain] [o.s.b.w.embedded.tomcat.TomcatWebServer] - Tomcat initialized with port(s): 8085 (http)
2023-11-10 09:31:09.451 INFO  [restartedMain] [o.apache.coyote.http11.Http11NioProtocol] - Initializing ProtocolHandler ["http-nio-8085"]
2023-11-10 09:31:09.452 INFO  [restartedMain] [org.apache.catalina.core.StandardService] - Starting service [Tomcat]
2023-11-10 09:31:09.452 INFO  [restartedMain] [org.apache.catalina.core.StandardEngine] - Starting Servlet engine: [Apache Tomcat/9.0.82]
2023-11-10 09:31:09.494 INFO  [restartedMain] [o.a.c.c.C.[Tomcat].[localhost].[/]] - Initializing Spring embedded WebApplicationContext
2023-11-10 09:31:09.494 INFO  [restartedMain] [o.s.b.w.s.c.ServletWebServerApplicationContext] - Root WebApplicationContext: initialization completed in 600 ms
2023-11-10 09:31:09.562 WARN  [restartedMain] [o.s.b.a.s.s.UserDetailsServiceAutoConfiguration] - 

Using generated security password: b5b634d6-144a-464a-a70e-be7ceb0124b0

This generated password is for development use only. Your security configuration must be updated before running your application in production.

2023-11-10 09:31:09.591 WARN  [restartedMain] [o.s.s.c.a.web.builders.WebSecurity] - You are asking Spring Security to ignore Ant [pattern='/css/**']. This is not recommended -- please use permitAll via HttpSecurity#authorizeHttpRequests instead.
2023-11-10 09:31:09.592 INFO  [restartedMain] [o.s.s.web.DefaultSecurityFilterChain] - Will not secure Ant [pattern='/css/**']
2023-11-10 09:31:09.592 WARN  [restartedMain] [o.s.s.c.a.web.builders.WebSecurity] - You are asking Spring Security to ignore Ant [pattern='/js/**']. This is not recommended -- please use permitAll via HttpSecurity#authorizeHttpRequests instead.
2023-11-10 09:31:09.592 INFO  [restartedMain] [o.s.s.web.DefaultSecurityFilterChain] - Will not secure Ant [pattern='/js/**']
2023-11-10 09:31:09.592 WARN  [restartedMain] [o.s.s.c.a.web.builders.WebSecurity] - You are asking Spring Security to ignore Ant [pattern='/images/**']. This is not recommended -- please use permitAll via HttpSecurity#authorizeHttpRequests instead.
2023-11-10 09:31:09.592 INFO  [restartedMain] [o.s.s.web.DefaultSecurityFilterChain] - Will not secure Ant [pattern='/images/**']
2023-11-10 09:31:09.592 WARN  [restartedMain] [o.s.s.c.a.web.builders.WebSecurity] - You are asking Spring Security to ignore Ant [pattern='/fonts/**']. This is not recommended -- please use permitAll via HttpSecurity#authorizeHttpRequests instead.
2023-11-10 09:31:09.592 INFO  [restartedMain] [o.s.s.web.DefaultSecurityFilterChain] - Will not secure Ant [pattern='/fonts/**']
2023-11-10 09:31:09.592 WARN  [restartedMain] [o.s.s.c.a.web.builders.WebSecurity] - You are asking Spring Security to ignore Ant [pattern='/vendor/**']. This is not recommended -- please use permitAll via HttpSecurity#authorizeHttpRequests instead.
2023-11-10 09:31:09.592 INFO  [restartedMain] [o.s.s.web.DefaultSecurityFilterChain] - Will not secure Ant [pattern='/vendor/**']
2023-11-10 09:31:09.610 INFO  [restartedMain] [o.s.s.web.DefaultSecurityFilterChain] - Will secure any request with [org.springframework.security.web.session.DisableEncodeUrlFilter@5961e26f, org.springframework.security.web.context.request.async.WebAsyncManagerIntegrationFilter@7430a65a, org.springframework.security.web.context.SecurityContextPersistenceFilter@11717466, org.springframework.security.web.header.HeaderWriterFilter@4a199dda, org.springframework.security.web.authentication.logout.LogoutFilter@61a6955e, org.springframework.security.web.authentication.UsernamePasswordAuthenticationFilter@24773aad, org.springframework.security.web.savedrequest.RequestCacheAwareFilter@7333b781, org.springframework.security.web.servletapi.SecurityContextHolderAwareRequestFilter@6f8b365f, org.springframework.security.web.authentication.AnonymousAuthenticationFilter@28140ce2, org.springframework.security.web.session.SessionManagementFilter@d8fd161, org.springframework.security.web.access.ExceptionTranslationFilter@1b0306d4, org.springframework.security.web.access.intercept.FilterSecurityInterceptor@3ef2e448]
2023-11-10 09:31:09.820 INFO  [restartedMain] [o.s.b.d.a.OptionalLiveReloadServer] - LiveReload server is running on port 35729
2023-11-10 09:31:09.827 INFO  [restartedMain] [o.apache.coyote.http11.Http11NioProtocol] - Starting ProtocolHandler ["http-nio-8085"]
2023-11-10 09:31:09.838 INFO  [restartedMain] [o.s.b.w.embedded.tomcat.TomcatWebServer] - Tomcat started on port(s): 8085 (http) with context path ''
2023-11-10 09:31:09.845 INFO  [restartedMain] [com.chunjae.pro05.Pro05Application] - Started Pro05Application in 1.216 seconds (JVM running for 1.616)
2023-11-10 09:31:09.879 INFO  [http-nio-8085-exec-1] [o.a.c.c.C.[Tomcat].[localhost].[/]] - Initializing Spring DispatcherServlet 'dispatcherServlet'
2023-11-10 09:31:09.880 INFO  [http-nio-8085-exec-1] [o.s.web.servlet.DispatcherServlet] - Initializing Servlet 'dispatcherServlet'
2023-11-10 09:31:09.880 INFO  [http-nio-8085-exec-1] [o.s.web.servlet.DispatcherServlet] - Completed initialization in 0 ms
2023-11-10 09:31:10.074 WARN  [http-nio-8085-exec-6] [o.s.web.servlet.PageNotFound] - No mapping for GET /fonts/iconic/css/material-design-iconic-font.min.css
2023-11-10 09:31:10.074 WARN  [http-nio-8085-exec-3] [o.s.web.servlet.PageNotFound] - No mapping for GET /fonts/font-awesome-4.7.0/css/font-awesome.min.css
2023-11-10 09:31:10.089 WARN  [http-nio-8085-exec-5] [o.s.web.servlet.PageNotFound] - No mapping for GET /fonts/linearicons-v1.0.0/icon-font.min.css
2023-11-10 09:31:10.173 WARN  [http-nio-8085-exec-1] [o.s.web.servlet.PageNotFound] - No mapping for GET /fonts/Poppins/Poppins-Medium.ttf
2023-11-10 09:31:10.173 WARN  [http-nio-8085-exec-6] [o.s.web.servlet.PageNotFound] - No mapping for GET /fonts/Poppins/Poppins-Regular.ttf
2023-11-10 09:31:10.173 WARN  [http-nio-8085-exec-4] [o.s.web.servlet.PageNotFound] - No mapping for GET /fonts/Poppins/Poppins-ExtraLight.ttf
2023-11-10 09:35:49.622 INFO  [restartedMain] [com.chunjae.pro05.Pro05Application] - Starting Pro05Application using Java 17.0.7 on FULL8-001 with PID 3660 (D:\PARK\Chunjae_IT_Edu-Per_Proj05\build\classes\java\main started by db400tea in D:\PARK\Chunjae_IT_Edu-Per_Proj05)
2023-11-10 09:35:49.623 INFO  [restartedMain] [com.chunjae.pro05.Pro05Application] - No active profile set, falling back to 1 default profile: "default"
2023-11-10 09:35:49.647 INFO  [restartedMain] [o.s.b.d.e.DevToolsPropertyDefaultsPostProcessor] - Devtools property defaults active! Set 'spring.devtools.add-properties' to 'false' to disable
2023-11-10 09:35:49.647 INFO  [restartedMain] [o.s.b.d.e.DevToolsPropertyDefaultsPostProcessor] - For additional web related logging consider setting the 'logging.level.web' property to 'DEBUG'
2023-11-10 09:35:49.979 WARN  [restartedMain] [o.m.spring.mapper.ClassPathMapperScanner] - No MyBatis mapper was found in '[com.chunjae.pro05]' package. Please check your configuration.
2023-11-10 09:35:50.201 INFO  [restartedMain] [o.s.b.w.embedded.tomcat.TomcatWebServer] - Tomcat initialized with port(s): 8085 (http)
2023-11-10 09:35:50.206 INFO  [restartedMain] [o.apache.coyote.http11.Http11NioProtocol] - Initializing ProtocolHandler ["http-nio-8085"]
2023-11-10 09:35:50.206 INFO  [restartedMain] [org.apache.catalina.core.StandardService] - Starting service [Tomcat]
2023-11-10 09:35:50.207 INFO  [restartedMain] [org.apache.catalina.core.StandardEngine] - Starting Servlet engine: [Apache Tomcat/9.0.82]
2023-11-10 09:35:50.246 INFO  [restartedMain] [o.a.c.c.C.[Tomcat].[localhost].[/]] - Initializing Spring embedded WebApplicationContext
2023-11-10 09:35:50.246 INFO  [restartedMain] [o.s.b.w.s.c.ServletWebServerApplicationContext] - Root WebApplicationContext: initialization completed in 598 ms
2023-11-10 09:35:50.313 WARN  [restartedMain] [o.s.b.a.s.s.UserDetailsServiceAutoConfiguration] - 

Using generated security password: 0edebcf5-7ca1-4028-ad13-7a6d230cf109

This generated password is for development use only. Your security configuration must be updated before running your application in production.

2023-11-10 09:35:50.343 WARN  [restartedMain] [o.s.s.c.a.web.builders.WebSecurity] - You are asking Spring Security to ignore Ant [pattern='/css/**']. This is not recommended -- please use permitAll via HttpSecurity#authorizeHttpRequests instead.
2023-11-10 09:35:50.343 INFO  [restartedMain] [o.s.s.web.DefaultSecurityFilterChain] - Will not secure Ant [pattern='/css/**']
2023-11-10 09:35:50.343 WARN  [restartedMain] [o.s.s.c.a.web.builders.WebSecurity] - You are asking Spring Security to ignore Ant [pattern='/js/**']. This is not recommended -- please use permitAll via HttpSecurity#authorizeHttpRequests instead.
2023-11-10 09:35:50.344 INFO  [restartedMain] [o.s.s.web.DefaultSecurityFilterChain] - Will not secure Ant [pattern='/js/**']
2023-11-10 09:35:50.344 WARN  [restartedMain] [o.s.s.c.a.web.builders.WebSecurity] - You are asking Spring Security to ignore Ant [pattern='/images/**']. This is not recommended -- please use permitAll via HttpSecurity#authorizeHttpRequests instead.
2023-11-10 09:35:50.344 INFO  [restartedMain] [o.s.s.web.DefaultSecurityFilterChain] - Will not secure Ant [pattern='/images/**']
2023-11-10 09:35:50.344 WARN  [restartedMain] [o.s.s.c.a.web.builders.WebSecurity] - You are asking Spring Security to ignore Ant [pattern='/fonts/**']. This is not recommended -- please use permitAll via HttpSecurity#authorizeHttpRequests instead.
2023-11-10 09:35:50.344 INFO  [restartedMain] [o.s.s.web.DefaultSecurityFilterChain] - Will not secure Ant [pattern='/fonts/**']
2023-11-10 09:35:50.344 WARN  [restartedMain] [o.s.s.c.a.web.builders.WebSecurity] - You are asking Spring Security to ignore Ant [pattern='/vendor/**']. This is not recommended -- please use permitAll via HttpSecurity#authorizeHttpRequests instead.
2023-11-10 09:35:50.344 INFO  [restartedMain] [o.s.s.web.DefaultSecurityFilterChain] - Will not secure Ant [pattern='/vendor/**']
2023-11-10 09:35:50.364 INFO  [restartedMain] [o.s.s.web.DefaultSecurityFilterChain] - Will secure any request with [org.springframework.security.web.session.DisableEncodeUrlFilter@2fb5e863, org.springframework.security.web.context.request.async.WebAsyncManagerIntegrationFilter@42535310, org.springframework.security.web.context.SecurityContextPersistenceFilter@1fb06a71, org.springframework.security.web.header.HeaderWriterFilter@5ab48448, org.springframework.security.web.authentication.logout.LogoutFilter@661514f3, org.springframework.security.web.authentication.UsernamePasswordAuthenticationFilter@64454130, org.springframework.security.web.savedrequest.RequestCacheAwareFilter@2626e427, org.springframework.security.web.servletapi.SecurityContextHolderAwareRequestFilter@42ff794d, org.springframework.security.web.authentication.AnonymousAuthenticationFilter@4c450130, org.springframework.security.web.session.SessionManagementFilter@2fb6ceed, org.springframework.security.web.access.ExceptionTranslationFilter@5163307e, org.springframework.security.web.access.intercept.FilterSecurityInterceptor@db26396]
2023-11-10 09:35:50.580 INFO  [restartedMain] [o.s.b.d.a.OptionalLiveReloadServer] - LiveReload server is running on port 35729
2023-11-10 09:35:50.590 INFO  [restartedMain] [o.apache.coyote.http11.Http11NioProtocol] - Starting ProtocolHandler ["http-nio-8085"]
2023-11-10 09:35:50.601 INFO  [restartedMain] [o.s.b.w.embedded.tomcat.TomcatWebServer] - Tomcat started on port(s): 8085 (http) with context path ''
2023-11-10 09:35:50.608 INFO  [restartedMain] [com.chunjae.pro05.Pro05Application] - Started Pro05Application in 1.178 seconds (JVM running for 1.577)
2023-11-10 09:36:24.577 INFO  [http-nio-8085-exec-1] [o.a.c.c.C.[Tomcat].[localhost].[/]] - Initializing Spring DispatcherServlet 'dispatcherServlet'
2023-11-10 09:36:24.577 INFO  [http-nio-8085-exec-1] [o.s.web.servlet.DispatcherServlet] - Initializing Servlet 'dispatcherServlet'
2023-11-10 09:36:24.577 INFO  [http-nio-8085-exec-1] [o.s.web.servlet.DispatcherServlet] - Completed initialization in 0 ms
2023-11-10 09:36:24.727 WARN  [http-nio-8085-exec-6] [o.s.web.servlet.PageNotFound] - No mapping for GET /fonts/font-awesome-4.7.0/css/font-awesome.min.css
2023-11-10 09:36:24.727 WARN  [http-nio-8085-exec-5] [o.s.web.servlet.PageNotFound] - No mapping for GET /fonts/linearicons-v1.0.0/icon-font.min.css
2023-11-10 09:36:24.727 WARN  [http-nio-8085-exec-7] [o.s.web.servlet.PageNotFound] - No mapping for GET /fonts/iconic/css/material-design-iconic-font.min.css
2023-11-10 09:36:24.779 WARN  [http-nio-8085-exec-8] [o.s.web.servlet.PageNotFound] - No mapping for GET /fonts/Poppins/Poppins-Regular.ttf
2023-11-10 09:36:24.779 WARN  [http-nio-8085-exec-2] [o.s.web.servlet.PageNotFound] - No mapping for GET /fonts/Montserrat/Montserrat-Bold.ttf
2023-11-10 09:36:24.779 WARN  [http-nio-8085-exec-9] [o.s.web.servlet.PageNotFound] - No mapping for GET /fonts/Poppins/Poppins-Medium.ttf
2023-11-10 09:36:24.780 WARN  [http-nio-8085-exec-10] [o.s.web.servlet.PageNotFound] - No mapping for GET /fonts/Poppins/Poppins-ExtraLight.ttf
2023-11-10 09:36:48.331 INFO  [restartedMain] [com.chunjae.pro05.Pro05Application] - Starting Pro05Application using Java 17.0.7 on FULL8-001 with PID 9416 (D:\PARK\Chunjae_IT_Edu-Per_Proj05\build\classes\java\main started by db400tea in D:\PARK\Chunjae_IT_Edu-Per_Proj05)
2023-11-10 09:36:48.332 INFO  [restartedMain] [com.chunjae.pro05.Pro05Application] - No active profile set, falling back to 1 default profile: "default"
2023-11-10 09:36:48.356 INFO  [restartedMain] [o.s.b.d.e.DevToolsPropertyDefaultsPostProcessor] - Devtools property defaults active! Set 'spring.devtools.add-properties' to 'false' to disable
2023-11-10 09:36:48.357 INFO  [restartedMain] [o.s.b.d.e.DevToolsPropertyDefaultsPostProcessor] - For additional web related logging consider setting the 'logging.level.web' property to 'DEBUG'
2023-11-10 09:36:48.696 WARN  [restartedMain] [o.m.spring.mapper.ClassPathMapperScanner] - No MyBatis mapper was found in '[com.chunjae.pro05]' package. Please check your configuration.
2023-11-10 09:36:48.927 INFO  [restartedMain] [o.s.b.w.embedded.tomcat.TomcatWebServer] - Tomcat initialized with port(s): 8085 (http)
2023-11-10 09:36:48.931 INFO  [restartedMain] [o.apache.coyote.http11.Http11NioProtocol] - Initializing ProtocolHandler ["http-nio-8085"]
2023-11-10 09:36:48.931 INFO  [restartedMain] [org.apache.catalina.core.StandardService] - Starting service [Tomcat]
2023-11-10 09:36:48.932 INFO  [restartedMain] [org.apache.catalina.core.StandardEngine] - Starting Servlet engine: [Apache Tomcat/9.0.82]
2023-11-10 09:36:48.976 INFO  [restartedMain] [o.a.c.c.C.[Tomcat].[localhost].[/]] - Initializing Spring embedded WebApplicationContext
2023-11-10 09:36:48.976 INFO  [restartedMain] [o.s.b.w.s.c.ServletWebServerApplicationContext] - Root WebApplicationContext: initialization completed in 619 ms
2023-11-10 09:36:49.046 WARN  [restartedMain] [o.s.b.a.s.s.UserDetailsServiceAutoConfiguration] - 

Using generated security password: 742ac3ff-569d-448b-9caf-11df59572397

This generated password is for development use only. Your security configuration must be updated before running your application in production.

2023-11-10 09:36:49.076 WARN  [restartedMain] [o.s.s.c.a.web.builders.WebSecurity] - You are asking Spring Security to ignore Ant [pattern='/css/**']. This is not recommended -- please use permitAll via HttpSecurity#authorizeHttpRequests instead.
2023-11-10 09:36:49.077 INFO  [restartedMain] [o.s.s.web.DefaultSecurityFilterChain] - Will not secure Ant [pattern='/css/**']
2023-11-10 09:36:49.077 WARN  [restartedMain] [o.s.s.c.a.web.builders.WebSecurity] - You are asking Spring Security to ignore Ant [pattern='/js/**']. This is not recommended -- please use permitAll via HttpSecurity#authorizeHttpRequests instead.
2023-11-10 09:36:49.077 INFO  [restartedMain] [o.s.s.web.DefaultSecurityFilterChain] - Will not secure Ant [pattern='/js/**']
2023-11-10 09:36:49.077 WARN  [restartedMain] [o.s.s.c.a.web.builders.WebSecurity] - You are asking Spring Security to ignore Ant [pattern='/images/**']. This is not recommended -- please use permitAll via HttpSecurity#authorizeHttpRequests instead.
2023-11-10 09:36:49.077 INFO  [restartedMain] [o.s.s.web.DefaultSecurityFilterChain] - Will not secure Ant [pattern='/images/**']
2023-11-10 09:36:49.077 WARN  [restartedMain] [o.s.s.c.a.web.builders.WebSecurity] - You are asking Spring Security to ignore Ant [pattern='/fonts/**']. This is not recommended -- please use permitAll via HttpSecurity#authorizeHttpRequests instead.
2023-11-10 09:36:49.077 INFO  [restartedMain] [o.s.s.web.DefaultSecurityFilterChain] - Will not secure Ant [pattern='/fonts/**']
2023-11-10 09:36:49.077 WARN  [restartedMain] [o.s.s.c.a.web.builders.WebSecurity] - You are asking Spring Security to ignore Ant [pattern='/vendor/**']. This is not recommended -- please use permitAll via HttpSecurity#authorizeHttpRequests instead.
2023-11-10 09:36:49.077 INFO  [restartedMain] [o.s.s.web.DefaultSecurityFilterChain] - Will not secure Ant [pattern='/vendor/**']
2023-11-10 09:36:49.096 INFO  [restartedMain] [o.s.s.web.DefaultSecurityFilterChain] - Will secure any request with [org.springframework.security.web.session.DisableEncodeUrlFilter@22bcdd1e, org.springframework.security.web.context.request.async.WebAsyncManagerIntegrationFilter@37188501, org.springframework.security.web.context.SecurityContextPersistenceFilter@26081658, org.springframework.security.web.header.HeaderWriterFilter@494148e4, org.springframework.security.web.authentication.logout.LogoutFilter@196c0d38, org.springframework.security.web.authentication.UsernamePasswordAuthenticationFilter@7bc41bac, org.springframework.security.web.savedrequest.RequestCacheAwareFilter@57cb959a, org.springframework.security.web.servletapi.SecurityContextHolderAwareRequestFilter@5f44e3ba, org.springframework.security.web.authentication.AnonymousAuthenticationFilter@64d2a226, org.springframework.security.web.session.SessionManagementFilter@162d392e, org.springframework.security.web.access.ExceptionTranslationFilter@33eac967, org.springframework.security.web.access.intercept.FilterSecurityInterceptor@43ddc489]
2023-11-10 09:36:49.321 INFO  [restartedMain] [o.s.b.d.a.OptionalLiveReloadServer] - LiveReload server is running on port 35729
2023-11-10 09:36:49.329 INFO  [restartedMain] [o.apache.coyote.http11.Http11NioProtocol] - Starting ProtocolHandler ["http-nio-8085"]
2023-11-10 09:36:49.340 INFO  [restartedMain] [o.s.b.w.embedded.tomcat.TomcatWebServer] - Tomcat started on port(s): 8085 (http) with context path ''
2023-11-10 09:36:49.347 INFO  [restartedMain] [com.chunjae.pro05.Pro05Application] - Started Pro05Application in 1.203 seconds (JVM running for 1.594)
2023-11-10 09:36:58.998 INFO  [http-nio-8085-exec-1] [o.a.c.c.C.[Tomcat].[localhost].[/]] - Initializing Spring DispatcherServlet 'dispatcherServlet'
2023-11-10 09:36:58.999 INFO  [http-nio-8085-exec-1] [o.s.web.servlet.DispatcherServlet] - Initializing Servlet 'dispatcherServlet'
2023-11-10 09:36:58.999 INFO  [http-nio-8085-exec-1] [o.s.web.servlet.DispatcherServlet] - Completed initialization in 0 ms
2023-11-10 09:36:59.149 WARN  [http-nio-8085-exec-4] [o.s.web.servlet.PageNotFound] - No mapping for GET /fonts/iconic/css/material-design-iconic-font.min.css
2023-11-10 09:36:59.149 WARN  [http-nio-8085-exec-2] [o.s.web.servlet.PageNotFound] - No mapping for GET /fonts/linearicons-v1.0.0/icon-font.min.css
2023-11-10 09:36:59.149 WARN  [http-nio-8085-exec-10] [o.s.web.servlet.PageNotFound] - No mapping for GET /fonts/font-awesome-4.7.0/css/font-awesome.min.css
2023-11-10 09:36:59.184 WARN  [http-nio-8085-exec-5] [o.s.web.servlet.PageNotFound] - No mapping for GET /fonts/Poppins/Poppins-Regular.ttf
2023-11-10 09:36:59.184 WARN  [http-nio-8085-exec-2] [o.s.web.servlet.PageNotFound] - No mapping for GET /fonts/Poppins/Poppins-Medium.ttf
2023-11-10 09:36:59.184 WARN  [http-nio-8085-exec-9] [o.s.web.servlet.PageNotFound] - No mapping for GET /fonts/Poppins/Poppins-ExtraLight.ttf
2023-11-10 09:36:59.184 WARN  [http-nio-8085-exec-10] [o.s.web.servlet.PageNotFound] - No mapping for GET /fonts/Montserrat/Montserrat-Bold.ttf
2023-11-10 09:38:12.709 INFO  [restartedMain] [com.chunjae.pro05.Pro05Application] - Starting Pro05Application using Java 17.0.7 on FULL8-001 with PID 6232 (D:\PARK\Chunjae_IT_Edu-Per_Proj05\build\classes\java\main started by db400tea in D:\PARK\Chunjae_IT_Edu-Per_Proj05)
2023-11-10 09:38:12.710 INFO  [restartedMain] [com.chunjae.pro05.Pro05Application] - No active profile set, falling back to 1 default profile: "default"
2023-11-10 09:38:12.737 INFO  [restartedMain] [o.s.b.d.e.DevToolsPropertyDefaultsPostProcessor] - Devtools property defaults active! Set 'spring.devtools.add-properties' to 'false' to disable
2023-11-10 09:38:12.737 INFO  [restartedMain] [o.s.b.d.e.DevToolsPropertyDefaultsPostProcessor] - For additional web related logging consider setting the 'logging.level.web' property to 'DEBUG'
2023-11-10 09:38:13.077 WARN  [restartedMain] [o.m.spring.mapper.ClassPathMapperScanner] - No MyBatis mapper was found in '[com.chunjae.pro05]' package. Please check your configuration.
2023-11-10 09:38:13.302 INFO  [restartedMain] [o.s.b.w.embedded.tomcat.TomcatWebServer] - Tomcat initialized with port(s): 8085 (http)
2023-11-10 09:38:13.306 INFO  [restartedMain] [o.apache.coyote.http11.Http11NioProtocol] - Initializing ProtocolHandler ["http-nio-8085"]
2023-11-10 09:38:13.307 INFO  [restartedMain] [org.apache.catalina.core.StandardService] - Starting service [Tomcat]
2023-11-10 09:38:13.307 INFO  [restartedMain] [org.apache.catalina.core.StandardEngine] - Starting Servlet engine: [Apache Tomcat/9.0.82]
2023-11-10 09:38:13.354 INFO  [restartedMain] [o.a.c.c.C.[Tomcat].[localhost].[/]] - Initializing Spring embedded WebApplicationContext
2023-11-10 09:38:13.354 INFO  [restartedMain] [o.s.b.w.s.c.ServletWebServerApplicationContext] - Root WebApplicationContext: initialization completed in 617 ms
2023-11-10 09:38:13.426 WARN  [restartedMain] [o.s.b.a.s.s.UserDetailsServiceAutoConfiguration] - 

Using generated security password: 8139b169-5618-404d-8a2b-38d472531212

This generated password is for development use only. Your security configuration must be updated before running your application in production.

2023-11-10 09:38:13.456 WARN  [restartedMain] [o.s.s.c.a.web.builders.WebSecurity] - You are asking Spring Security to ignore Ant [pattern='/css/**']. This is not recommended -- please use permitAll via HttpSecurity#authorizeHttpRequests instead.
2023-11-10 09:38:13.457 INFO  [restartedMain] [o.s.s.web.DefaultSecurityFilterChain] - Will not secure Ant [pattern='/css/**']
2023-11-10 09:38:13.457 WARN  [restartedMain] [o.s.s.c.a.web.builders.WebSecurity] - You are asking Spring Security to ignore Ant [pattern='/js/**']. This is not recommended -- please use permitAll via HttpSecurity#authorizeHttpRequests instead.
2023-11-10 09:38:13.458 INFO  [restartedMain] [o.s.s.web.DefaultSecurityFilterChain] - Will not secure Ant [pattern='/js/**']
2023-11-10 09:38:13.458 WARN  [restartedMain] [o.s.s.c.a.web.builders.WebSecurity] - You are asking Spring Security to ignore Ant [pattern='/images/**']. This is not recommended -- please use permitAll via HttpSecurity#authorizeHttpRequests instead.
2023-11-10 09:38:13.458 INFO  [restartedMain] [o.s.s.web.DefaultSecurityFilterChain] - Will not secure Ant [pattern='/images/**']
2023-11-10 09:38:13.458 WARN  [restartedMain] [o.s.s.c.a.web.builders.WebSecurity] - You are asking Spring Security to ignore Ant [pattern='/fonts/**']. This is not recommended -- please use permitAll via HttpSecurity#authorizeHttpRequests instead.
2023-11-10 09:38:13.458 INFO  [restartedMain] [o.s.s.web.DefaultSecurityFilterChain] - Will not secure Ant [pattern='/fonts/**']
2023-11-10 09:38:13.458 WARN  [restartedMain] [o.s.s.c.a.web.builders.WebSecurity] - You are asking Spring Security to ignore Ant [pattern='/vendor/**']. This is not recommended -- please use permitAll via HttpSecurity#authorizeHttpRequests instead.
2023-11-10 09:38:13.458 INFO  [restartedMain] [o.s.s.web.DefaultSecurityFilterChain] - Will not secure Ant [pattern='/vendor/**']
2023-11-10 09:38:13.477 INFO  [restartedMain] [o.s.s.web.DefaultSecurityFilterChain] - Will secure any request with [org.springframework.security.web.session.DisableEncodeUrlFilter@6930269f, org.springframework.security.web.context.request.async.WebAsyncManagerIntegrationFilter@12e4277d, org.springframework.security.web.context.SecurityContextPersistenceFilter@554bd0ed, org.springframework.security.web.header.HeaderWriterFilter@3197ef26, org.springframework.security.web.authentication.logout.LogoutFilter@71382a74, org.springframework.security.web.authentication.UsernamePasswordAuthenticationFilter@2c37336d, org.springframework.security.web.savedrequest.RequestCacheAwareFilter@5bb39ce4, org.springframework.security.web.servletapi.SecurityContextHolderAwareRequestFilter@7c565bc9, org.springframework.security.web.authentication.AnonymousAuthenticationFilter@a335325, org.springframework.security.web.session.SessionManagementFilter@13632cc2, org.springframework.security.web.access.ExceptionTranslationFilter@5993affe, org.springframework.security.web.access.intercept.FilterSecurityInterceptor@79fea0f6]
2023-11-10 09:38:13.701 INFO  [restartedMain] [o.s.b.d.a.OptionalLiveReloadServer] - LiveReload server is running on port 35729
2023-11-10 09:38:13.710 INFO  [restartedMain] [o.apache.coyote.http11.Http11NioProtocol] - Starting ProtocolHandler ["http-nio-8085"]
2023-11-10 09:38:13.722 INFO  [restartedMain] [o.s.b.w.embedded.tomcat.TomcatWebServer] - Tomcat started on port(s): 8085 (http) with context path ''
2023-11-10 09:38:13.729 INFO  [restartedMain] [com.chunjae.pro05.Pro05Application] - Started Pro05Application in 1.21 seconds (JVM running for 1.623)
2023-11-10 09:38:18.377 INFO  [http-nio-8085-exec-1] [o.a.c.c.C.[Tomcat].[localhost].[/]] - Initializing Spring DispatcherServlet 'dispatcherServlet'
2023-11-10 09:38:18.377 INFO  [http-nio-8085-exec-1] [o.s.web.servlet.DispatcherServlet] - Initializing Servlet 'dispatcherServlet'
2023-11-10 09:38:18.378 INFO  [http-nio-8085-exec-1] [o.s.web.servlet.DispatcherServlet] - Completed initialization in 1 ms
2023-11-10 09:38:18.530 WARN  [http-nio-8085-exec-4] [o.s.web.servlet.PageNotFound] - No mapping for GET /fonts/iconic/css/material-design-iconic-font.min.css
2023-11-10 09:38:18.530 WARN  [http-nio-8085-exec-2] [o.s.web.servlet.PageNotFound] - No mapping for GET /fonts/font-awesome-4.7.0/css/font-awesome.min.css
2023-11-10 09:38:18.532 WARN  [http-nio-8085-exec-5] [o.s.web.servlet.PageNotFound] - No mapping for GET /fonts/linearicons-v1.0.0/icon-font.min.css
2023-11-10 09:38:18.580 WARN  [http-nio-8085-exec-6] [o.s.web.servlet.PageNotFound] - No mapping for GET /fonts/Poppins/Poppins-Regular.ttf
2023-11-10 09:38:18.581 WARN  [http-nio-8085-exec-3] [o.s.web.servlet.PageNotFound] - No mapping for GET /fonts/Poppins/Poppins-Medium.ttf
2023-11-10 09:38:18.581 WARN  [http-nio-8085-exec-10] [o.s.web.servlet.PageNotFound] - No mapping for GET /fonts/Poppins/Poppins-ExtraLight.ttf
2023-11-10 09:38:18.581 WARN  [http-nio-8085-exec-8] [o.s.web.servlet.PageNotFound] - No mapping for GET /fonts/Montserrat/Montserrat-Bold.ttf
2023-11-10 09:42:34.998 INFO  [restartedMain] [com.chunjae.pro05.Pro05Application] - Starting Pro05Application using Java 17.0.7 on FULL8-001 with PID 6316 (D:\PARK\Chunjae_IT_Edu-Per_Proj05\build\classes\java\main started by db400tea in D:\PARK\Chunjae_IT_Edu-Per_Proj05)
2023-11-10 09:42:34.999 INFO  [restartedMain] [com.chunjae.pro05.Pro05Application] - No active profile set, falling back to 1 default profile: "default"
2023-11-10 09:42:35.022 INFO  [restartedMain] [o.s.b.d.e.DevToolsPropertyDefaultsPostProcessor] - Devtools property defaults active! Set 'spring.devtools.add-properties' to 'false' to disable
2023-11-10 09:42:35.022 INFO  [restartedMain] [o.s.b.d.e.DevToolsPropertyDefaultsPostProcessor] - For additional web related logging consider setting the 'logging.level.web' property to 'DEBUG'
2023-11-10 09:42:35.343 WARN  [restartedMain] [o.m.spring.mapper.ClassPathMapperScanner] - No MyBatis mapper was found in '[com.chunjae.pro05]' package. Please check your configuration.
2023-11-10 09:42:35.565 INFO  [restartedMain] [o.s.b.w.embedded.tomcat.TomcatWebServer] - Tomcat initialized with port(s): 8085 (http)
2023-11-10 09:42:35.569 INFO  [restartedMain] [o.apache.coyote.http11.Http11NioProtocol] - Initializing ProtocolHandler ["http-nio-8085"]
2023-11-10 09:42:35.570 INFO  [restartedMain] [org.apache.catalina.core.StandardService] - Starting service [Tomcat]
2023-11-10 09:42:35.570 INFO  [restartedMain] [org.apache.catalina.core.StandardEngine] - Starting Servlet engine: [Apache Tomcat/9.0.82]
2023-11-10 09:42:35.611 INFO  [restartedMain] [o.a.c.c.C.[Tomcat].[localhost].[/]] - Initializing Spring embedded WebApplicationContext
2023-11-10 09:42:35.611 INFO  [restartedMain] [o.s.b.w.s.c.ServletWebServerApplicationContext] - Root WebApplicationContext: initialization completed in 588 ms
2023-11-10 09:42:35.682 WARN  [restartedMain] [o.s.b.a.s.s.UserDetailsServiceAutoConfiguration] - 

Using generated security password: 0c1d3895-82b3-42ac-9800-a7195c43a8d9

This generated password is for development use only. Your security configuration must be updated before running your application in production.

2023-11-10 09:42:35.713 WARN  [restartedMain] [o.s.s.c.a.web.builders.WebSecurity] - You are asking Spring Security to ignore Ant [pattern='/css/**']. This is not recommended -- please use permitAll via HttpSecurity#authorizeHttpRequests instead.
2023-11-10 09:42:35.713 INFO  [restartedMain] [o.s.s.web.DefaultSecurityFilterChain] - Will not secure Ant [pattern='/css/**']
2023-11-10 09:42:35.713 WARN  [restartedMain] [o.s.s.c.a.web.builders.WebSecurity] - You are asking Spring Security to ignore Ant [pattern='/js/**']. This is not recommended -- please use permitAll via HttpSecurity#authorizeHttpRequests instead.
2023-11-10 09:42:35.713 INFO  [restartedMain] [o.s.s.web.DefaultSecurityFilterChain] - Will not secure Ant [pattern='/js/**']
2023-11-10 09:42:35.713 WARN  [restartedMain] [o.s.s.c.a.web.builders.WebSecurity] - You are asking Spring Security to ignore Ant [pattern='/images/**']. This is not recommended -- please use permitAll via HttpSecurity#authorizeHttpRequests instead.
2023-11-10 09:42:35.713 INFO  [restartedMain] [o.s.s.web.DefaultSecurityFilterChain] - Will not secure Ant [pattern='/images/**']
2023-11-10 09:42:35.713 WARN  [restartedMain] [o.s.s.c.a.web.builders.WebSecurity] - You are asking Spring Security to ignore Ant [pattern='/fonts/**']. This is not recommended -- please use permitAll via HttpSecurity#authorizeHttpRequests instead.
2023-11-10 09:42:35.713 INFO  [restartedMain] [o.s.s.web.DefaultSecurityFilterChain] - Will not secure Ant [pattern='/fonts/**']
2023-11-10 09:42:35.713 WARN  [restartedMain] [o.s.s.c.a.web.builders.WebSecurity] - You are asking Spring Security to ignore Ant [pattern='/vendor/**']. This is not recommended -- please use permitAll via HttpSecurity#authorizeHttpRequests instead.
2023-11-10 09:42:35.713 INFO  [restartedMain] [o.s.s.web.DefaultSecurityFilterChain] - Will not secure Ant [pattern='/vendor/**']
2023-11-10 09:42:35.732 INFO  [restartedMain] [o.s.s.web.DefaultSecurityFilterChain] - Will secure any request with [org.springframework.security.web.session.DisableEncodeUrlFilter@7d5059d4, org.springframework.security.web.context.request.async.WebAsyncManagerIntegrationFilter@5cb1a565, org.springframework.security.web.context.SecurityContextPersistenceFilter@5a3ab0f, org.springframework.security.web.header.HeaderWriterFilter@1ee9e51b, org.springframework.security.web.authentication.logout.LogoutFilter@5f535a94, org.springframework.security.web.authentication.UsernamePasswordAuthenticationFilter@12127dcf, org.springframework.security.web.savedrequest.RequestCacheAwareFilter@7aca7bd2, org.springframework.security.web.servletapi.SecurityContextHolderAwareRequestFilter@c6eab6a, org.springframework.security.web.authentication.AnonymousAuthenticationFilter@222a9964, org.springframework.security.web.session.SessionManagementFilter@3430a15c, org.springframework.security.web.access.ExceptionTranslationFilter@213da00c, org.springframework.security.web.access.intercept.FilterSecurityInterceptor@5d70ce5e]
2023-11-10 09:42:36.229 INFO  [restartedMain] [o.s.b.d.a.OptionalLiveReloadServer] - LiveReload server is running on port 35729
2023-11-10 09:42:36.238 INFO  [restartedMain] [o.apache.coyote.http11.Http11NioProtocol] - Starting ProtocolHandler ["http-nio-8085"]
2023-11-10 09:42:36.249 INFO  [restartedMain] [o.s.b.w.embedded.tomcat.TomcatWebServer] - Tomcat started on port(s): 8085 (http) with context path ''
2023-11-10 09:42:36.256 INFO  [restartedMain] [com.chunjae.pro05.Pro05Application] - Started Pro05Application in 1.437 seconds (JVM running for 1.846)
2023-11-10 09:42:55.586 INFO  [http-nio-8085-exec-1] [o.a.c.c.C.[Tomcat].[localhost].[/]] - Initializing Spring DispatcherServlet 'dispatcherServlet'
2023-11-10 09:42:55.586 INFO  [http-nio-8085-exec-1] [o.s.web.servlet.DispatcherServlet] - Initializing Servlet 'dispatcherServlet'
2023-11-10 09:42:55.586 INFO  [http-nio-8085-exec-1] [o.s.web.servlet.DispatcherServlet] - Completed initialization in 0 ms
2023-11-10 09:42:55.737 WARN  [http-nio-8085-exec-3] [o.s.web.servlet.PageNotFound] - No mapping for GET /fonts/font-awesome-4.7.0/css/font-awesome.min.css
2023-11-10 09:42:55.737 WARN  [http-nio-8085-exec-9] [o.s.web.servlet.PageNotFound] - No mapping for GET /fonts/iconic/css/material-design-iconic-font.min.css
2023-11-10 09:42:55.753 WARN  [http-nio-8085-exec-5] [o.s.web.servlet.PageNotFound] - No mapping for GET /fonts/linearicons-v1.0.0/icon-font.min.css
2023-11-10 09:42:55.838 WARN  [http-nio-8085-exec-5] [o.s.web.servlet.PageNotFound] - No mapping for GET /fonts/Poppins/Poppins-Regular.ttf
2023-11-10 09:42:55.838 WARN  [http-nio-8085-exec-6] [o.s.web.servlet.PageNotFound] - No mapping for GET /fonts/Poppins/Poppins-Medium.ttf
2023-11-10 09:42:55.840 WARN  [http-nio-8085-exec-8] [o.s.web.servlet.PageNotFound] - No mapping for GET /fonts/Poppins/Poppins-ExtraLight.ttf
2023-11-10 09:42:55.846 WARN  [http-nio-8085-exec-1] [o.s.web.servlet.PageNotFound] - No mapping for GET /fonts/Montserrat/Montserrat-Bold.ttf
2023-11-10 09:43:00.505 WARN  [http-nio-8085-exec-8] [o.s.web.servlet.PageNotFound] - No mapping for GET /fonts/font-awesome-4.7.0/css/font-awesome.min.css
2023-11-10 09:43:00.506 WARN  [http-nio-8085-exec-6] [o.s.web.servlet.PageNotFound] - No mapping for GET /fonts/iconic/css/material-design-iconic-font.min.css
2023-11-10 09:43:00.508 WARN  [http-nio-8085-exec-10] [o.s.web.servlet.PageNotFound] - No mapping for GET /fonts/linearicons-v1.0.0/icon-font.min.css
2023-11-10 09:45:54.944 INFO  [restartedMain] [com.chunjae.pro05.Pro05Application] - Starting Pro05Application using Java 17.0.7 on FULL8-001 with PID 3372 (D:\PARK\Chunjae_IT_Edu-Per_Proj05\build\classes\java\main started by db400tea in D:\PARK\Chunjae_IT_Edu-Per_Proj05)
2023-11-10 09:45:54.945 INFO  [restartedMain] [com.chunjae.pro05.Pro05Application] - No active profile set, falling back to 1 default profile: "default"
2023-11-10 09:45:54.970 INFO  [restartedMain] [o.s.b.d.e.DevToolsPropertyDefaultsPostProcessor] - Devtools property defaults active! Set 'spring.devtools.add-properties' to 'false' to disable
2023-11-10 09:45:54.970 INFO  [restartedMain] [o.s.b.d.e.DevToolsPropertyDefaultsPostProcessor] - For additional web related logging consider setting the 'logging.level.web' property to 'DEBUG'
2023-11-10 09:45:55.299 WARN  [restartedMain] [o.m.spring.mapper.ClassPathMapperScanner] - No MyBatis mapper was found in '[com.chunjae.pro05]' package. Please check your configuration.
2023-11-10 09:45:55.520 INFO  [restartedMain] [o.s.b.w.embedded.tomcat.TomcatWebServer] - Tomcat initialized with port(s): 8085 (http)
2023-11-10 09:45:55.525 INFO  [restartedMain] [o.apache.coyote.http11.Http11NioProtocol] - Initializing ProtocolHandler ["http-nio-8085"]
2023-11-10 09:45:55.526 INFO  [restartedMain] [org.apache.catalina.core.StandardService] - Starting service [Tomcat]
2023-11-10 09:45:55.526 INFO  [restartedMain] [org.apache.catalina.core.StandardEngine] - Starting Servlet engine: [Apache Tomcat/9.0.82]
2023-11-10 09:45:55.564 INFO  [restartedMain] [o.a.c.c.C.[Tomcat].[localhost].[/]] - Initializing Spring embedded WebApplicationContext
2023-11-10 09:45:55.564 INFO  [restartedMain] [o.s.b.w.s.c.ServletWebServerApplicationContext] - Root WebApplicationContext: initialization completed in 594 ms
2023-11-10 09:45:55.632 WARN  [restartedMain] [o.s.b.a.s.s.UserDetailsServiceAutoConfiguration] - 

Using generated security password: 2860c2f9-a674-4b1a-8c48-fb70fe6f9dfe

This generated password is for development use only. Your security configuration must be updated before running your application in production.

2023-11-10 09:45:55.663 WARN  [restartedMain] [o.s.s.c.a.web.builders.WebSecurity] - You are asking Spring Security to ignore Ant [pattern='/css/**']. This is not recommended -- please use permitAll via HttpSecurity#authorizeHttpRequests instead.
2023-11-10 09:45:55.663 INFO  [restartedMain] [o.s.s.web.DefaultSecurityFilterChain] - Will not secure Ant [pattern='/css/**']
2023-11-10 09:45:55.663 WARN  [restartedMain] [o.s.s.c.a.web.builders.WebSecurity] - You are asking Spring Security to ignore Ant [pattern='/js/**']. This is not recommended -- please use permitAll via HttpSecurity#authorizeHttpRequests instead.
2023-11-10 09:45:55.663 INFO  [restartedMain] [o.s.s.web.DefaultSecurityFilterChain] - Will not secure Ant [pattern='/js/**']
2023-11-10 09:45:55.663 WARN  [restartedMain] [o.s.s.c.a.web.builders.WebSecurity] - You are asking Spring Security to ignore Ant [pattern='/images/**']. This is not recommended -- please use permitAll via HttpSecurity#authorizeHttpRequests instead.
2023-11-10 09:45:55.664 INFO  [restartedMain] [o.s.s.web.DefaultSecurityFilterChain] - Will not secure Ant [pattern='/images/**']
2023-11-10 09:45:55.664 WARN  [restartedMain] [o.s.s.c.a.web.builders.WebSecurity] - You are asking Spring Security to ignore Ant [pattern='/fonts/**']. This is not recommended -- please use permitAll via HttpSecurity#authorizeHttpRequests instead.
2023-11-10 09:45:55.664 INFO  [restartedMain] [o.s.s.web.DefaultSecurityFilterChain] - Will not secure Ant [pattern='/fonts/**']
2023-11-10 09:45:55.664 WARN  [restartedMain] [o.s.s.c.a.web.builders.WebSecurity] - You are asking Spring Security to ignore Ant [pattern='/vendor/**']. This is not recommended -- please use permitAll via HttpSecurity#authorizeHttpRequests instead.
2023-11-10 09:45:55.664 INFO  [restartedMain] [o.s.s.web.DefaultSecurityFilterChain] - Will not secure Ant [pattern='/vendor/**']
2023-11-10 09:45:55.682 INFO  [restartedMain] [o.s.s.web.DefaultSecurityFilterChain] - Will secure any request with [org.springframework.security.web.session.DisableEncodeUrlFilter@24773aad, org.springframework.security.web.context.request.async.WebAsyncManagerIntegrationFilter@266173ba, org.springframework.security.web.context.SecurityContextPersistenceFilter@e3943d4, org.springframework.security.web.header.HeaderWriterFilter@34a7684c, org.springframework.security.web.authentication.logout.LogoutFilter@27ba1e57, org.springframework.security.web.authentication.UsernamePasswordAuthenticationFilter@e1ca39, org.springframework.security.web.savedrequest.RequestCacheAwareFilter@11717466, org.springframework.security.web.servletapi.SecurityContextHolderAwareRequestFilter@243ddb2c, org.springframework.security.web.authentication.AnonymousAuthenticationFilter@221fcce2, org.springframework.security.web.session.SessionManagementFilter@1b0306d4, org.springframework.security.web.access.ExceptionTranslationFilter@1fa35bce, org.springframework.security.web.access.intercept.FilterSecurityInterceptor@48b4d994]
2023-11-10 09:45:55.896 INFO  [restartedMain] [o.s.b.d.a.OptionalLiveReloadServer] - LiveReload server is running on port 35729
2023-11-10 09:45:55.904 INFO  [restartedMain] [o.apache.coyote.http11.Http11NioProtocol] - Starting ProtocolHandler ["http-nio-8085"]
2023-11-10 09:45:55.915 INFO  [restartedMain] [o.s.b.w.embedded.tomcat.TomcatWebServer] - Tomcat started on port(s): 8085 (http) with context path ''
2023-11-10 09:45:55.922 INFO  [restartedMain] [com.chunjae.pro05.Pro05Application] - Started Pro05Application in 1.16 seconds (JVM running for 1.552)
2023-11-10 09:46:03.892 INFO  [http-nio-8085-exec-1] [o.a.c.c.C.[Tomcat].[localhost].[/]] - Initializing Spring DispatcherServlet 'dispatcherServlet'
2023-11-10 09:46:03.892 INFO  [http-nio-8085-exec-1] [o.s.web.servlet.DispatcherServlet] - Initializing Servlet 'dispatcherServlet'
2023-11-10 09:46:03.893 INFO  [http-nio-8085-exec-1] [o.s.web.servlet.DispatcherServlet] - Completed initialization in 1 ms
2023-11-10 09:46:04.047 WARN  [http-nio-8085-exec-3] [o.s.web.servlet.PageNotFound] - No mapping for GET /fonts/font-awesome-4.7.0/css/font-awesome.min.css
2023-11-10 09:46:04.049 WARN  [http-nio-8085-exec-10] [o.s.web.servlet.PageNotFound] - No mapping for GET /fonts/iconic/css/material-design-iconic-font.min.css
2023-11-10 09:46:04.049 WARN  [http-nio-8085-exec-6] [o.s.web.servlet.PageNotFound] - No mapping for GET /fonts/linearicons-v1.0.0/icon-font.min.css
2023-11-10 09:46:04.084 WARN  [http-nio-8085-exec-10] [o.s.web.servlet.PageNotFound] - No mapping for GET /fonts/Poppins/Poppins-Regular.ttf
2023-11-10 09:46:04.084 WARN  [http-nio-8085-exec-3] [o.s.web.servlet.PageNotFound] - No mapping for GET /fonts/Poppins/Poppins-Medium.ttf
2023-11-10 09:46:04.084 WARN  [http-nio-8085-exec-1] [o.s.web.servlet.PageNotFound] - No mapping for GET /fonts/Poppins/Poppins-ExtraLight.ttf
2023-11-10 09:46:04.084 WARN  [http-nio-8085-exec-7] [o.s.web.servlet.PageNotFound] - No mapping for GET /fonts/Montserrat/Montserrat-Bold.ttf
2023-11-10 09:46:17.180 INFO  [restartedMain] [com.chunjae.pro05.Pro05Application] - Starting Pro05Application using Java 17.0.7 on FULL8-001 with PID 15060 (D:\PARK\Chunjae_IT_Edu-Per_Proj05\build\classes\java\main started by db400tea in D:\PARK\Chunjae_IT_Edu-Per_Proj05)
2023-11-10 09:46:17.181 INFO  [restartedMain] [com.chunjae.pro05.Pro05Application] - No active profile set, falling back to 1 default profile: "default"
2023-11-10 09:46:17.205 INFO  [restartedMain] [o.s.b.d.e.DevToolsPropertyDefaultsPostProcessor] - Devtools property defaults active! Set 'spring.devtools.add-properties' to 'false' to disable
2023-11-10 09:46:17.205 INFO  [restartedMain] [o.s.b.d.e.DevToolsPropertyDefaultsPostProcessor] - For additional web related logging consider setting the 'logging.level.web' property to 'DEBUG'
2023-11-10 09:46:17.524 WARN  [restartedMain] [o.m.spring.mapper.ClassPathMapperScanner] - No MyBatis mapper was found in '[com.chunjae.pro05]' package. Please check your configuration.
2023-11-10 09:46:17.742 INFO  [restartedMain] [o.s.b.w.embedded.tomcat.TomcatWebServer] - Tomcat initialized with port(s): 8085 (http)
2023-11-10 09:46:17.747 INFO  [restartedMain] [o.apache.coyote.http11.Http11NioProtocol] - Initializing ProtocolHandler ["http-nio-8085"]
2023-11-10 09:46:17.748 INFO  [restartedMain] [org.apache.catalina.core.StandardService] - Starting service [Tomcat]
2023-11-10 09:46:17.748 INFO  [restartedMain] [org.apache.catalina.core.StandardEngine] - Starting Servlet engine: [Apache Tomcat/9.0.82]
2023-11-10 09:46:17.788 INFO  [restartedMain] [o.a.c.c.C.[Tomcat].[localhost].[/]] - Initializing Spring embedded WebApplicationContext
2023-11-10 09:46:17.788 INFO  [restartedMain] [o.s.b.w.s.c.ServletWebServerApplicationContext] - Root WebApplicationContext: initialization completed in 583 ms
2023-11-10 09:46:17.855 WARN  [restartedMain] [o.s.b.a.s.s.UserDetailsServiceAutoConfiguration] - 

Using generated security password: 28dda411-0c1d-4cd0-9a47-305f6c4ced63

This generated password is for development use only. Your security configuration must be updated before running your application in production.

2023-11-10 09:46:17.886 WARN  [restartedMain] [o.s.s.c.a.web.builders.WebSecurity] - You are asking Spring Security to ignore Ant [pattern='/css/**']. This is not recommended -- please use permitAll via HttpSecurity#authorizeHttpRequests instead.
2023-11-10 09:46:17.886 INFO  [restartedMain] [o.s.s.web.DefaultSecurityFilterChain] - Will not secure Ant [pattern='/css/**']
2023-11-10 09:46:17.886 WARN  [restartedMain] [o.s.s.c.a.web.builders.WebSecurity] - You are asking Spring Security to ignore Ant [pattern='/js/**']. This is not recommended -- please use permitAll via HttpSecurity#authorizeHttpRequests instead.
2023-11-10 09:46:17.886 INFO  [restartedMain] [o.s.s.web.DefaultSecurityFilterChain] - Will not secure Ant [pattern='/js/**']
2023-11-10 09:46:17.886 WARN  [restartedMain] [o.s.s.c.a.web.builders.WebSecurity] - You are asking Spring Security to ignore Ant [pattern='/images/**']. This is not recommended -- please use permitAll via HttpSecurity#authorizeHttpRequests instead.
2023-11-10 09:46:17.886 INFO  [restartedMain] [o.s.s.web.DefaultSecurityFilterChain] - Will not secure Ant [pattern='/images/**']
2023-11-10 09:46:17.886 WARN  [restartedMain] [o.s.s.c.a.web.builders.WebSecurity] - You are asking Spring Security to ignore Ant [pattern='/fonts/**']. This is not recommended -- please use permitAll via HttpSecurity#authorizeHttpRequests instead.
2023-11-10 09:46:17.886 INFO  [restartedMain] [o.s.s.web.DefaultSecurityFilterChain] - Will not secure Ant [pattern='/fonts/**']
2023-11-10 09:46:17.886 WARN  [restartedMain] [o.s.s.c.a.web.builders.WebSecurity] - You are asking Spring Security to ignore Ant [pattern='/vendor/**']. This is not recommended -- please use permitAll via HttpSecurity#authorizeHttpRequests instead.
2023-11-10 09:46:17.886 INFO  [restartedMain] [o.s.s.web.DefaultSecurityFilterChain] - Will not secure Ant [pattern='/vendor/**']
2023-11-10 09:46:17.904 INFO  [restartedMain] [o.s.s.web.DefaultSecurityFilterChain] - Will secure any request with [org.springframework.security.web.session.DisableEncodeUrlFilter@1e450c22, org.springframework.security.web.context.request.async.WebAsyncManagerIntegrationFilter@33b36c44, org.springframework.security.web.context.SecurityContextPersistenceFilter@183e5d3e, org.springframework.security.web.header.HeaderWriterFilter@65ffc310, org.springframework.security.web.authentication.logout.LogoutFilter@6a5fe24f, org.springframework.security.web.authentication.UsernamePasswordAuthenticationFilter@1317d0da, org.springframework.security.web.savedrequest.RequestCacheAwareFilter@6fef8125, org.springframework.security.web.servletapi.SecurityContextHolderAwareRequestFilter@7d80e533, org.springframework.security.web.authentication.AnonymousAuthenticationFilter@5d9b1f1, org.springframework.security.web.session.SessionManagementFilter@3ec0197, org.springframework.security.web.access.ExceptionTranslationFilter@2375c19c, org.springframework.security.web.access.intercept.FilterSecurityInterceptor@66eb0f53]
2023-11-10 09:46:18.217 INFO  [restartedMain] [o.s.b.d.a.OptionalLiveReloadServer] - LiveReload server is running on port 35729
2023-11-10 09:46:18.225 INFO  [restartedMain] [o.apache.coyote.http11.Http11NioProtocol] - Starting ProtocolHandler ["http-nio-8085"]
2023-11-10 09:46:18.236 INFO  [restartedMain] [o.s.b.w.embedded.tomcat.TomcatWebServer] - Tomcat started on port(s): 8085 (http) with context path ''
2023-11-10 09:46:18.243 INFO  [restartedMain] [com.chunjae.pro05.Pro05Application] - Started Pro05Application in 1.243 seconds (JVM running for 1.661)
2023-11-10 09:46:22.805 INFO  [http-nio-8085-exec-1] [o.a.c.c.C.[Tomcat].[localhost].[/]] - Initializing Spring DispatcherServlet 'dispatcherServlet'
2023-11-10 09:46:22.805 INFO  [http-nio-8085-exec-1] [o.s.web.servlet.DispatcherServlet] - Initializing Servlet 'dispatcherServlet'
2023-11-10 09:46:22.805 INFO  [http-nio-8085-exec-1] [o.s.web.servlet.DispatcherServlet] - Completed initialization in 0 ms
2023-11-10 09:46:34.060 INFO  [restartedMain] [com.chunjae.pro05.Pro05Application] - Starting Pro05Application using Java 17.0.7 on FULL8-001 with PID 16064 (D:\PARK\Chunjae_IT_Edu-Per_Proj05\build\classes\java\main started by db400tea in D:\PARK\Chunjae_IT_Edu-Per_Proj05)
2023-11-10 09:46:34.061 INFO  [restartedMain] [com.chunjae.pro05.Pro05Application] - No active profile set, falling back to 1 default profile: "default"
2023-11-10 09:46:34.085 INFO  [restartedMain] [o.s.b.d.e.DevToolsPropertyDefaultsPostProcessor] - Devtools property defaults active! Set 'spring.devtools.add-properties' to 'false' to disable
2023-11-10 09:46:34.085 INFO  [restartedMain] [o.s.b.d.e.DevToolsPropertyDefaultsPostProcessor] - For additional web related logging consider setting the 'logging.level.web' property to 'DEBUG'
2023-11-10 09:46:34.413 WARN  [restartedMain] [o.m.spring.mapper.ClassPathMapperScanner] - No MyBatis mapper was found in '[com.chunjae.pro05]' package. Please check your configuration.
2023-11-10 09:46:34.634 INFO  [restartedMain] [o.s.b.w.embedded.tomcat.TomcatWebServer] - Tomcat initialized with port(s): 8085 (http)
2023-11-10 09:46:34.638 INFO  [restartedMain] [o.apache.coyote.http11.Http11NioProtocol] - Initializing ProtocolHandler ["http-nio-8085"]
2023-11-10 09:46:34.639 INFO  [restartedMain] [org.apache.catalina.core.StandardService] - Starting service [Tomcat]
2023-11-10 09:46:34.639 INFO  [restartedMain] [org.apache.catalina.core.StandardEngine] - Starting Servlet engine: [Apache Tomcat/9.0.82]
2023-11-10 09:46:34.678 INFO  [restartedMain] [o.a.c.c.C.[Tomcat].[localhost].[/]] - Initializing Spring embedded WebApplicationContext
2023-11-10 09:46:34.678 INFO  [restartedMain] [o.s.b.w.s.c.ServletWebServerApplicationContext] - Root WebApplicationContext: initialization completed in 593 ms
2023-11-10 09:46:34.750 WARN  [restartedMain] [o.s.b.a.s.s.UserDetailsServiceAutoConfiguration] - 

Using generated security password: 70becf64-f0dc-425a-9334-40e8bca411dd

This generated password is for development use only. Your security configuration must be updated before running your application in production.

2023-11-10 09:46:34.780 WARN  [restartedMain] [o.s.s.c.a.web.builders.WebSecurity] - You are asking Spring Security to ignore Ant [pattern='/css/**']. This is not recommended -- please use permitAll via HttpSecurity#authorizeHttpRequests instead.
2023-11-10 09:46:34.781 INFO  [restartedMain] [o.s.s.web.DefaultSecurityFilterChain] - Will not secure Ant [pattern='/css/**']
2023-11-10 09:46:34.781 WARN  [restartedMain] [o.s.s.c.a.web.builders.WebSecurity] - You are asking Spring Security to ignore Ant [pattern='/js/**']. This is not recommended -- please use permitAll via HttpSecurity#authorizeHttpRequests instead.
2023-11-10 09:46:34.781 INFO  [restartedMain] [o.s.s.web.DefaultSecurityFilterChain] - Will not secure Ant [pattern='/js/**']
2023-11-10 09:46:34.781 WARN  [restartedMain] [o.s.s.c.a.web.builders.WebSecurity] - You are asking Spring Security to ignore Ant [pattern='/images/**']. This is not recommended -- please use permitAll via HttpSecurity#authorizeHttpRequests instead.
2023-11-10 09:46:34.781 INFO  [restartedMain] [o.s.s.web.DefaultSecurityFilterChain] - Will not secure Ant [pattern='/images/**']
2023-11-10 09:46:34.781 WARN  [restartedMain] [o.s.s.c.a.web.builders.WebSecurity] - You are asking Spring Security to ignore Ant [pattern='/fonts/**']. This is not recommended -- please use permitAll via HttpSecurity#authorizeHttpRequests instead.
2023-11-10 09:46:34.781 INFO  [restartedMain] [o.s.s.web.DefaultSecurityFilterChain] - Will not secure Ant [pattern='/fonts/**']
2023-11-10 09:46:34.781 WARN  [restartedMain] [o.s.s.c.a.web.builders.WebSecurity] - You are asking Spring Security to ignore Ant [pattern='/vendor/**']. This is not recommended -- please use permitAll via HttpSecurity#authorizeHttpRequests instead.
2023-11-10 09:46:34.781 INFO  [restartedMain] [o.s.s.web.DefaultSecurityFilterChain] - Will not secure Ant [pattern='/vendor/**']
2023-11-10 09:46:34.800 INFO  [restartedMain] [o.s.s.web.DefaultSecurityFilterChain] - Will secure any request with [org.springframework.security.web.session.DisableEncodeUrlFilter@24773aad, org.springframework.security.web.context.request.async.WebAsyncManagerIntegrationFilter@266173ba, org.springframework.security.web.context.SecurityContextPersistenceFilter@e3943d4, org.springframework.security.web.header.HeaderWriterFilter@34a7684c, org.springframework.security.web.authentication.logout.LogoutFilter@27ba1e57, org.springframework.security.web.authentication.UsernamePasswordAuthenticationFilter@e1ca39, org.springframework.security.web.savedrequest.RequestCacheAwareFilter@11717466, org.springframework.security.web.servletapi.SecurityContextHolderAwareRequestFilter@243ddb2c, org.springframework.security.web.authentication.AnonymousAuthenticationFilter@221fcce2, org.springframework.security.web.session.SessionManagementFilter@1b0306d4, org.springframework.security.web.access.ExceptionTranslationFilter@1fa35bce, org.springframework.security.web.access.intercept.FilterSecurityInterceptor@48b4d994]
2023-11-10 09:46:35.803 INFO  [restartedMain] [o.s.b.d.a.OptionalLiveReloadServer] - LiveReload server is running on port 35729
2023-11-10 09:46:35.988 INFO  [restartedMain] [o.apache.coyote.http11.Http11NioProtocol] - Starting ProtocolHandler ["http-nio-8085"]
2023-11-10 09:46:35.999 INFO  [restartedMain] [o.s.b.w.embedded.tomcat.TomcatWebServer] - Tomcat started on port(s): 8085 (http) with context path ''
2023-11-10 09:46:36.006 INFO  [restartedMain] [com.chunjae.pro05.Pro05Application] - Started Pro05Application in 2.13 seconds (JVM running for 2.522)
2023-11-10 09:46:42.450 INFO  [http-nio-8085-exec-1] [o.a.c.c.C.[Tomcat].[localhost].[/]] - Initializing Spring DispatcherServlet 'dispatcherServlet'
2023-11-10 09:46:42.450 INFO  [http-nio-8085-exec-1] [o.s.web.servlet.DispatcherServlet] - Initializing Servlet 'dispatcherServlet'
2023-11-10 09:46:42.451 INFO  [http-nio-8085-exec-1] [o.s.web.servlet.DispatcherServlet] - Completed initialization in 1 ms
2023-11-10 09:46:42.615 WARN  [http-nio-8085-exec-9] [o.s.web.servlet.PageNotFound] - No mapping for GET /fonts/font-awesome-4.7.0/css/font-awesome.min.css
2023-11-10 09:46:42.615 WARN  [http-nio-8085-exec-6] [o.s.web.servlet.PageNotFound] - No mapping for GET /fonts/iconic/css/material-design-iconic-font.min.css
2023-11-10 09:46:42.615 WARN  [http-nio-8085-exec-8] [o.s.web.servlet.PageNotFound] - No mapping for GET /fonts/linearicons-v1.0.0/icon-font.min.css
2023-11-10 09:46:42.659 WARN  [http-nio-8085-exec-4] [o.s.web.servlet.PageNotFound] - No mapping for GET /fonts/Poppins/Poppins-ExtraLight.ttf
2023-11-10 09:46:42.659 WARN  [http-nio-8085-exec-5] [o.s.web.servlet.PageNotFound] - No mapping for GET /fonts/Poppins/Poppins-Regular.ttf
2023-11-10 09:46:42.659 WARN  [http-nio-8085-exec-7] [o.s.web.servlet.PageNotFound] - No mapping for GET /fonts/Poppins/Poppins-Medium.ttf
2023-11-10 09:46:42.659 WARN  [http-nio-8085-exec-10] [o.s.web.servlet.PageNotFound] - No mapping for GET /fonts/Montserrat/Montserrat-Bold.ttf
2023-11-10 09:46:43.228 WARN  [http-nio-8085-exec-7] [o.s.web.servlet.PageNotFound] - No mapping for GET /fonts/font-awesome-4.7.0/css/font-awesome.min.css
2023-11-10 09:46:43.231 WARN  [http-nio-8085-exec-10] [o.s.web.servlet.PageNotFound] - No mapping for GET /fonts/iconic/css/material-design-iconic-font.min.css
2023-11-10 09:46:43.232 WARN  [http-nio-8085-exec-5] [o.s.web.servlet.PageNotFound] - No mapping for GET /fonts/linearicons-v1.0.0/icon-font.min.css
2023-11-10 09:46:43.450 WARN  [http-nio-8085-exec-7] [o.s.web.servlet.PageNotFound] - No mapping for GET /fonts/linearicons-v1.0.0/icon-font.min.css
2023-11-10 09:46:43.450 WARN  [http-nio-8085-exec-1] [o.s.web.servlet.PageNotFound] - No mapping for GET /fonts/font-awesome-4.7.0/css/font-awesome.min.css
2023-11-10 09:46:43.450 WARN  [http-nio-8085-exec-6] [o.s.web.servlet.PageNotFound] - No mapping for GET /fonts/iconic/css/material-design-iconic-font.min.css
2023-11-10 09:46:43.790 WARN  [http-nio-8085-exec-1] [o.s.web.servlet.PageNotFound] - No mapping for GET /fonts/font-awesome-4.7.0/css/font-awesome.min.css
2023-11-10 09:46:43.791 WARN  [http-nio-8085-exec-4] [o.s.web.servlet.PageNotFound] - No mapping for GET /fonts/linearicons-v1.0.0/icon-font.min.css
2023-11-10 09:46:43.791 WARN  [http-nio-8085-exec-8] [o.s.web.servlet.PageNotFound] - No mapping for GET /fonts/iconic/css/material-design-iconic-font.min.css
2023-11-10 09:46:43.932 WARN  [http-nio-8085-exec-2] [o.s.web.servlet.PageNotFound] - No mapping for GET /fonts/font-awesome-4.7.0/css/font-awesome.min.css
2023-11-10 09:46:43.933 WARN  [http-nio-8085-exec-2] [o.s.web.servlet.PageNotFound] - No mapping for GET /fonts/iconic/css/material-design-iconic-font.min.css
2023-11-10 09:46:43.933 WARN  [http-nio-8085-exec-10] [o.s.web.servlet.PageNotFound] - No mapping for GET /fonts/linearicons-v1.0.0/icon-font.min.css
2023-11-10 09:46:44.055 WARN  [http-nio-8085-exec-1] [o.s.web.servlet.PageNotFound] - No mapping for GET /fonts/font-awesome-4.7.0/css/font-awesome.min.css
2023-11-10 09:46:44.055 WARN  [http-nio-8085-exec-8] [o.s.web.servlet.PageNotFound] - No mapping for GET /fonts/iconic/css/material-design-iconic-font.min.css
2023-11-10 09:46:44.058 WARN  [http-nio-8085-exec-4] [o.s.web.servlet.PageNotFound] - No mapping for GET /fonts/linearicons-v1.0.0/icon-font.min.css
2023-11-10 09:46:44.218 WARN  [http-nio-8085-exec-7] [o.s.web.servlet.PageNotFound] - No mapping for GET /fonts/font-awesome-4.7.0/css/font-awesome.min.css
2023-11-10 09:46:44.218 WARN  [http-nio-8085-exec-9] [o.s.web.servlet.PageNotFound] - No mapping for GET /fonts/iconic/css/material-design-iconic-font.min.css
2023-11-10 09:46:44.219 WARN  [http-nio-8085-exec-1] [o.s.web.servlet.PageNotFound] - No mapping for GET /fonts/linearicons-v1.0.0/icon-font.min.css
2023-11-10 11:03:43.994 INFO  [restartedMain] [com.chunjae.pro05.Pro05Application] - Starting Pro05Application using Java 17.0.7 on FULL8-001 with PID 2152 (D:\PARK\Chunjae_IT_Edu-Per_Proj05\build\classes\java\main started by db400tea in D:\PARK\Chunjae_IT_Edu-Per_Proj05)
2023-11-10 11:03:43.996 INFO  [restartedMain] [com.chunjae.pro05.Pro05Application] - No active profile set, falling back to 1 default profile: "default"
2023-11-10 11:03:44.020 INFO  [restartedMain] [o.s.b.d.e.DevToolsPropertyDefaultsPostProcessor] - Devtools property defaults active! Set 'spring.devtools.add-properties' to 'false' to disable
2023-11-10 11:03:44.021 INFO  [restartedMain] [o.s.b.d.e.DevToolsPropertyDefaultsPostProcessor] - For additional web related logging consider setting the 'logging.level.web' property to 'DEBUG'
2023-11-10 11:03:44.357 WARN  [restartedMain] [o.m.spring.mapper.ClassPathMapperScanner] - No MyBatis mapper was found in '[com.chunjae.pro05]' package. Please check your configuration.
2023-11-10 11:03:44.587 INFO  [restartedMain] [o.s.b.w.embedded.tomcat.TomcatWebServer] - Tomcat initialized with port(s): 8085 (http)
2023-11-10 11:03:44.591 INFO  [restartedMain] [o.apache.coyote.http11.Http11NioProtocol] - Initializing ProtocolHandler ["http-nio-8085"]
2023-11-10 11:03:44.592 INFO  [restartedMain] [org.apache.catalina.core.StandardService] - Starting service [Tomcat]
2023-11-10 11:03:44.592 INFO  [restartedMain] [org.apache.catalina.core.StandardEngine] - Starting Servlet engine: [Apache Tomcat/9.0.82]
2023-11-10 11:03:44.634 INFO  [restartedMain] [o.a.c.c.C.[Tomcat].[localhost].[/]] - Initializing Spring embedded WebApplicationContext
2023-11-10 11:03:44.635 INFO  [restartedMain] [o.s.b.w.s.c.ServletWebServerApplicationContext] - Root WebApplicationContext: initialization completed in 614 ms
2023-11-10 11:03:44.697 WARN  [restartedMain] [o.s.b.a.s.s.UserDetailsServiceAutoConfiguration] - 

Using generated security password: 5537cad6-4661-4540-9e14-62254e7adf4c

This generated password is for development use only. Your security configuration must be updated before running your application in production.

2023-11-10 11:03:44.728 WARN  [restartedMain] [o.s.s.c.a.web.builders.WebSecurity] - You are asking Spring Security to ignore Ant [pattern='/css/**']. This is not recommended -- please use permitAll via HttpSecurity#authorizeHttpRequests instead.
2023-11-10 11:03:44.729 INFO  [restartedMain] [o.s.s.web.DefaultSecurityFilterChain] - Will not secure Ant [pattern='/css/**']
2023-11-10 11:03:44.729 WARN  [restartedMain] [o.s.s.c.a.web.builders.WebSecurity] - You are asking Spring Security to ignore Ant [pattern='/js/**']. This is not recommended -- please use permitAll via HttpSecurity#authorizeHttpRequests instead.
2023-11-10 11:03:44.729 INFO  [restartedMain] [o.s.s.web.DefaultSecurityFilterChain] - Will not secure Ant [pattern='/js/**']
2023-11-10 11:03:44.729 WARN  [restartedMain] [o.s.s.c.a.web.builders.WebSecurity] - You are asking Spring Security to ignore Ant [pattern='/images/**']. This is not recommended -- please use permitAll via HttpSecurity#authorizeHttpRequests instead.
2023-11-10 11:03:44.729 INFO  [restartedMain] [o.s.s.web.DefaultSecurityFilterChain] - Will not secure Ant [pattern='/images/**']
2023-11-10 11:03:44.729 WARN  [restartedMain] [o.s.s.c.a.web.builders.WebSecurity] - You are asking Spring Security to ignore Ant [pattern='/fonts/**']. This is not recommended -- please use permitAll via HttpSecurity#authorizeHttpRequests instead.
2023-11-10 11:03:44.729 INFO  [restartedMain] [o.s.s.web.DefaultSecurityFilterChain] - Will not secure Ant [pattern='/fonts/**']
2023-11-10 11:03:44.729 WARN  [restartedMain] [o.s.s.c.a.web.builders.WebSecurity] - You are asking Spring Security to ignore Ant [pattern='/vendor/**']. This is not recommended -- please use permitAll via HttpSecurity#authorizeHttpRequests instead.
2023-11-10 11:03:44.730 INFO  [restartedMain] [o.s.s.web.DefaultSecurityFilterChain] - Will not secure Ant [pattern='/vendor/**']
2023-11-10 11:03:44.747 INFO  [restartedMain] [o.s.s.web.DefaultSecurityFilterChain] - Will secure any request with [org.springframework.security.web.session.DisableEncodeUrlFilter@135c2daa, org.springframework.security.web.context.request.async.WebAsyncManagerIntegrationFilter@73e06e7b, org.springframework.security.web.context.SecurityContextPersistenceFilter@58439f42, org.springframework.security.web.header.HeaderWriterFilter@69a0db34, org.springframework.security.web.authentication.logout.LogoutFilter@235b6a85, org.springframework.security.web.authentication.UsernamePasswordAuthenticationFilter@2ebd7a4c, org.springframework.security.web.savedrequest.RequestCacheAwareFilter@5f345dd4, org.springframework.security.web.servletapi.SecurityContextHolderAwareRequestFilter@5d182393, org.springframework.security.web.authentication.AnonymousAuthenticationFilter@30c92354, org.springframework.security.web.session.SessionManagementFilter@751d242d, org.springframework.security.web.access.ExceptionTranslationFilter@7694ccaf, org.springframework.security.web.access.intercept.FilterSecurityInterceptor@4efde3f9]
2023-11-10 11:03:44.966 INFO  [restartedMain] [o.s.b.d.a.OptionalLiveReloadServer] - LiveReload server is running on port 35729
2023-11-10 11:03:44.975 INFO  [restartedMain] [o.apache.coyote.http11.Http11NioProtocol] - Starting ProtocolHandler ["http-nio-8085"]
2023-11-10 11:03:44.987 INFO  [restartedMain] [o.s.b.w.embedded.tomcat.TomcatWebServer] - Tomcat started on port(s): 8085 (http) with context path ''
2023-11-10 11:03:44.994 INFO  [restartedMain] [com.chunjae.pro05.Pro05Application] - Started Pro05Application in 1.19 seconds (JVM running for 1.587)
2023-11-10 11:04:03.016 INFO  [http-nio-8085-exec-1] [o.a.c.c.C.[Tomcat].[localhost].[/]] - Initializing Spring DispatcherServlet 'dispatcherServlet'
2023-11-10 11:04:03.016 INFO  [http-nio-8085-exec-1] [o.s.web.servlet.DispatcherServlet] - Initializing Servlet 'dispatcherServlet'
2023-11-10 11:04:03.017 INFO  [http-nio-8085-exec-1] [o.s.web.servlet.DispatcherServlet] - Completed initialization in 1 ms
2023-11-10 11:04:03.185 WARN  [http-nio-8085-exec-2] [o.s.web.servlet.PageNotFound] - No mapping for GET /fonts/font-awesome-4.7.0/css/font-awesome.min.css
2023-11-10 11:04:03.186 WARN  [http-nio-8085-exec-4] [o.s.web.servlet.PageNotFound] - No mapping for GET /fonts/linearicons-v1.0.0/icon-font.min.css
2023-11-10 11:04:03.186 WARN  [http-nio-8085-exec-3] [o.s.web.servlet.PageNotFound] - No mapping for GET /fonts/iconic/css/material-design-iconic-font.min.css
2023-11-10 11:04:03.249 WARN  [http-nio-8085-exec-7] [o.s.web.servlet.PageNotFound] - No mapping for GET /fonts/Montserrat/Montserrat-Bold.ttf
2023-11-10 11:04:03.250 WARN  [http-nio-8085-exec-6] [o.s.web.servlet.PageNotFound] - No mapping for GET /fonts/Poppins/Poppins-ExtraLight.ttf
2023-11-10 11:04:03.250 WARN  [http-nio-8085-exec-8] [o.s.web.servlet.PageNotFound] - No mapping for GET /fonts/Poppins/Poppins-Medium.ttf
2023-11-10 11:04:03.249 WARN  [http-nio-8085-exec-5] [o.s.web.servlet.PageNotFound] - No mapping for GET /fonts/Poppins/Poppins-Regular.ttf
2023-11-10 11:09:57.100 INFO  [restartedMain] [com.chunjae.pro05.Pro05Application] - Starting Pro05Application using Java 17.0.7 on FULL8-001 with PID 6908 (D:\PARK\Chunjae_IT_Edu-Per_Proj05\build\classes\java\main started by db400tea in D:\PARK\Chunjae_IT_Edu-Per_Proj05)
2023-11-10 11:09:57.101 INFO  [restartedMain] [com.chunjae.pro05.Pro05Application] - No active profile set, falling back to 1 default profile: "default"
2023-11-10 11:09:57.125 INFO  [restartedMain] [o.s.b.d.e.DevToolsPropertyDefaultsPostProcessor] - Devtools property defaults active! Set 'spring.devtools.add-properties' to 'false' to disable
2023-11-10 11:09:57.125 INFO  [restartedMain] [o.s.b.d.e.DevToolsPropertyDefaultsPostProcessor] - For additional web related logging consider setting the 'logging.level.web' property to 'DEBUG'
2023-11-10 11:09:57.459 WARN  [restartedMain] [o.m.spring.mapper.ClassPathMapperScanner] - No MyBatis mapper was found in '[com.chunjae.pro05]' package. Please check your configuration.
2023-11-10 11:09:57.687 INFO  [restartedMain] [o.s.b.w.embedded.tomcat.TomcatWebServer] - Tomcat initialized with port(s): 8085 (http)
2023-11-10 11:09:57.691 INFO  [restartedMain] [o.apache.coyote.http11.Http11NioProtocol] - Initializing ProtocolHandler ["http-nio-8085"]
2023-11-10 11:09:57.692 INFO  [restartedMain] [org.apache.catalina.core.StandardService] - Starting service [Tomcat]
2023-11-10 11:09:57.692 INFO  [restartedMain] [org.apache.catalina.core.StandardEngine] - Starting Servlet engine: [Apache Tomcat/9.0.82]
2023-11-10 11:09:57.732 INFO  [restartedMain] [o.a.c.c.C.[Tomcat].[localhost].[/]] - Initializing Spring embedded WebApplicationContext
2023-11-10 11:09:57.733 INFO  [restartedMain] [o.s.b.w.s.c.ServletWebServerApplicationContext] - Root WebApplicationContext: initialization completed in 608 ms
2023-11-10 11:09:57.802 WARN  [restartedMain] [o.s.b.a.s.s.UserDetailsServiceAutoConfiguration] - 

Using generated security password: 23aca318-a1b2-43ca-b13b-0b792d2c478e

This generated password is for development use only. Your security configuration must be updated before running your application in production.

2023-11-10 11:09:57.832 WARN  [restartedMain] [o.s.s.c.a.web.builders.WebSecurity] - You are asking Spring Security to ignore Ant [pattern='/css/**']. This is not recommended -- please use permitAll via HttpSecurity#authorizeHttpRequests instead.
2023-11-10 11:09:57.833 INFO  [restartedMain] [o.s.s.web.DefaultSecurityFilterChain] - Will not secure Ant [pattern='/css/**']
2023-11-10 11:09:57.833 WARN  [restartedMain] [o.s.s.c.a.web.builders.WebSecurity] - You are asking Spring Security to ignore Ant [pattern='/js/**']. This is not recommended -- please use permitAll via HttpSecurity#authorizeHttpRequests instead.
2023-11-10 11:09:57.833 INFO  [restartedMain] [o.s.s.web.DefaultSecurityFilterChain] - Will not secure Ant [pattern='/js/**']
2023-11-10 11:09:57.833 WARN  [restartedMain] [o.s.s.c.a.web.builders.WebSecurity] - You are asking Spring Security to ignore Ant [pattern='/images/**']. This is not recommended -- please use permitAll via HttpSecurity#authorizeHttpRequests instead.
2023-11-10 11:09:57.833 INFO  [restartedMain] [o.s.s.web.DefaultSecurityFilterChain] - Will not secure Ant [pattern='/images/**']
2023-11-10 11:09:57.833 WARN  [restartedMain] [o.s.s.c.a.web.builders.WebSecurity] - You are asking Spring Security to ignore Ant [pattern='/fonts/**']. This is not recommended -- please use permitAll via HttpSecurity#authorizeHttpRequests instead.
2023-11-10 11:09:57.833 INFO  [restartedMain] [o.s.s.web.DefaultSecurityFilterChain] - Will not secure Ant [pattern='/fonts/**']
2023-11-10 11:09:57.833 WARN  [restartedMain] [o.s.s.c.a.web.builders.WebSecurity] - You are asking Spring Security to ignore Ant [pattern='/vendor/**']. This is not recommended -- please use permitAll via HttpSecurity#authorizeHttpRequests instead.
2023-11-10 11:09:57.834 INFO  [restartedMain] [o.s.s.web.DefaultSecurityFilterChain] - Will not secure Ant [pattern='/vendor/**']
2023-11-10 11:09:57.855 INFO  [restartedMain] [o.s.s.web.DefaultSecurityFilterChain] - Will secure any request with [org.springframework.security.web.session.DisableEncodeUrlFilter@12e4277d, org.springframework.security.web.context.request.async.WebAsyncManagerIntegrationFilter@a335325, org.springframework.security.web.context.SecurityContextPersistenceFilter@5f44e3ba, org.springframework.security.web.header.HeaderWriterFilter@57cb959a, org.springframework.security.web.authentication.logout.LogoutFilter@79acfab6, org.springframework.security.web.authentication.UsernamePasswordAuthenticationFilter@5f749b67, org.springframework.security.web.savedrequest.RequestCacheAwareFilter@2392fd1b, org.springframework.security.web.servletapi.SecurityContextHolderAwareRequestFilter@68588660, org.springframework.security.web.authentication.AnonymousAuthenticationFilter@38792445, org.springframework.security.web.session.SessionManagementFilter@50c7c217, org.springframework.security.web.access.ExceptionTranslationFilter@173a9bb2, org.springframework.security.web.access.intercept.FilterSecurityInterceptor@22bcdd1e]
2023-11-10 11:09:58.069 INFO  [restartedMain] [o.s.b.d.a.OptionalLiveReloadServer] - LiveReload server is running on port 35729
2023-11-10 11:09:58.078 INFO  [restartedMain] [o.apache.coyote.http11.Http11NioProtocol] - Starting ProtocolHandler ["http-nio-8085"]
2023-11-10 11:09:58.089 INFO  [restartedMain] [o.s.b.w.embedded.tomcat.TomcatWebServer] - Tomcat started on port(s): 8085 (http) with context path ''
2023-11-10 11:09:58.097 INFO  [restartedMain] [com.chunjae.pro05.Pro05Application] - Started Pro05Application in 1.185 seconds (JVM running for 1.588)
2023-11-10 11:10:03.808 INFO  [http-nio-8085-exec-1] [o.a.c.c.C.[Tomcat].[localhost].[/]] - Initializing Spring DispatcherServlet 'dispatcherServlet'
2023-11-10 11:10:03.808 INFO  [http-nio-8085-exec-1] [o.s.web.servlet.DispatcherServlet] - Initializing Servlet 'dispatcherServlet'
2023-11-10 11:10:03.808 INFO  [http-nio-8085-exec-1] [o.s.web.servlet.DispatcherServlet] - Completed initialization in 0 ms
2023-11-10 11:10:03.964 WARN  [http-nio-8085-exec-9] [o.s.web.servlet.PageNotFound] - No mapping for GET /fonts/iconic/css/material-design-iconic-font.min.css
2023-11-10 11:10:03.964 WARN  [http-nio-8085-exec-4] [o.s.web.servlet.PageNotFound] - No mapping for GET /fonts/linearicons-v1.0.0/icon-font.min.css
2023-11-10 11:10:03.964 WARN  [http-nio-8085-exec-7] [o.s.web.servlet.PageNotFound] - No mapping for GET /fonts/font-awesome-4.7.0/css/font-awesome.min.css
2023-11-10 11:10:03.994 WARN  [http-nio-8085-exec-8] [o.s.web.servlet.PageNotFound] - No mapping for GET /fonts/Poppins/Poppins-Regular.ttf
2023-11-10 11:10:03.995 WARN  [http-nio-8085-exec-2] [o.s.web.servlet.PageNotFound] - No mapping for GET /fonts/Poppins/Poppins-Medium.ttf
2023-11-10 11:10:03.995 WARN  [http-nio-8085-exec-10] [o.s.web.servlet.PageNotFound] - No mapping for GET /fonts/Poppins/Poppins-ExtraLight.ttf
2023-11-10 11:10:03.996 WARN  [http-nio-8085-exec-1] [o.s.web.servlet.PageNotFound] - No mapping for GET /fonts/Montserrat/Montserrat-Bold.ttf
2023-11-10 11:11:35.079 INFO  [restartedMain] [com.chunjae.pro05.Pro05Application] - Starting Pro05Application using Java 17.0.7 on FULL8-001 with PID 3720 (D:\PARK\Chunjae_IT_Edu-Per_Proj05\build\classes\java\main started by db400tea in D:\PARK\Chunjae_IT_Edu-Per_Proj05)
2023-11-10 11:11:35.080 INFO  [restartedMain] [com.chunjae.pro05.Pro05Application] - No active profile set, falling back to 1 default profile: "default"
2023-11-10 11:11:35.104 INFO  [restartedMain] [o.s.b.d.e.DevToolsPropertyDefaultsPostProcessor] - Devtools property defaults active! Set 'spring.devtools.add-properties' to 'false' to disable
2023-11-10 11:11:35.104 INFO  [restartedMain] [o.s.b.d.e.DevToolsPropertyDefaultsPostProcessor] - For additional web related logging consider setting the 'logging.level.web' property to 'DEBUG'
2023-11-10 11:11:35.434 WARN  [restartedMain] [o.m.spring.mapper.ClassPathMapperScanner] - No MyBatis mapper was found in '[com.chunjae.pro05]' package. Please check your configuration.
2023-11-10 11:11:35.660 INFO  [restartedMain] [o.s.b.w.embedded.tomcat.TomcatWebServer] - Tomcat initialized with port(s): 8085 (http)
2023-11-10 11:11:35.668 INFO  [restartedMain] [o.apache.coyote.http11.Http11NioProtocol] - Initializing ProtocolHandler ["http-nio-8085"]
2023-11-10 11:11:35.669 INFO  [restartedMain] [org.apache.catalina.core.StandardService] - Starting service [Tomcat]
2023-11-10 11:11:35.669 INFO  [restartedMain] [org.apache.catalina.core.StandardEngine] - Starting Servlet engine: [Apache Tomcat/9.0.82]
2023-11-10 11:11:35.710 INFO  [restartedMain] [o.a.c.c.C.[Tomcat].[localhost].[/]] - Initializing Spring embedded WebApplicationContext
2023-11-10 11:11:35.710 INFO  [restartedMain] [o.s.b.w.s.c.ServletWebServerApplicationContext] - Root WebApplicationContext: initialization completed in 606 ms
2023-11-10 11:11:35.781 WARN  [restartedMain] [o.s.b.a.s.s.UserDetailsServiceAutoConfiguration] - 

Using generated security password: 232b2d56-e387-4c0c-b4ba-754067954767

This generated password is for development use only. Your security configuration must be updated before running your application in production.

2023-11-10 11:11:35.811 WARN  [restartedMain] [o.s.s.c.a.web.builders.WebSecurity] - You are asking Spring Security to ignore Ant [pattern='/css/**']. This is not recommended -- please use permitAll via HttpSecurity#authorizeHttpRequests instead.
2023-11-10 11:11:35.812 INFO  [restartedMain] [o.s.s.web.DefaultSecurityFilterChain] - Will not secure Ant [pattern='/css/**']
2023-11-10 11:11:35.812 WARN  [restartedMain] [o.s.s.c.a.web.builders.WebSecurity] - You are asking Spring Security to ignore Ant [pattern='/js/**']. This is not recommended -- please use permitAll via HttpSecurity#authorizeHttpRequests instead.
2023-11-10 11:11:35.812 INFO  [restartedMain] [o.s.s.web.DefaultSecurityFilterChain] - Will not secure Ant [pattern='/js/**']
2023-11-10 11:11:35.812 WARN  [restartedMain] [o.s.s.c.a.web.builders.WebSecurity] - You are asking Spring Security to ignore Ant [pattern='/images/**']. This is not recommended -- please use permitAll via HttpSecurity#authorizeHttpRequests instead.
2023-11-10 11:11:35.812 INFO  [restartedMain] [o.s.s.web.DefaultSecurityFilterChain] - Will not secure Ant [pattern='/images/**']
2023-11-10 11:11:35.812 WARN  [restartedMain] [o.s.s.c.a.web.builders.WebSecurity] - You are asking Spring Security to ignore Ant [pattern='/fonts/**']. This is not recommended -- please use permitAll via HttpSecurity#authorizeHttpRequests instead.
2023-11-10 11:11:35.812 INFO  [restartedMain] [o.s.s.web.DefaultSecurityFilterChain] - Will not secure Ant [pattern='/fonts/**']
2023-11-10 11:11:35.812 WARN  [restartedMain] [o.s.s.c.a.web.builders.WebSecurity] - You are asking Spring Security to ignore Ant [pattern='/vendor/**']. This is not recommended -- please use permitAll via HttpSecurity#authorizeHttpRequests instead.
2023-11-10 11:11:35.812 INFO  [restartedMain] [o.s.s.web.DefaultSecurityFilterChain] - Will not secure Ant [pattern='/vendor/**']
2023-11-10 11:11:35.831 INFO  [restartedMain] [o.s.s.web.DefaultSecurityFilterChain] - Will secure any request with [org.springframework.security.web.session.DisableEncodeUrlFilter@24773aad, org.springframework.security.web.context.request.async.WebAsyncManagerIntegrationFilter@266173ba, org.springframework.security.web.context.SecurityContextPersistenceFilter@e3943d4, org.springframework.security.web.header.HeaderWriterFilter@34a7684c, org.springframework.security.web.authentication.logout.LogoutFilter@27ba1e57, org.springframework.security.web.authentication.UsernamePasswordAuthenticationFilter@e1ca39, org.springframework.security.web.savedrequest.RequestCacheAwareFilter@11717466, org.springframework.security.web.servletapi.SecurityContextHolderAwareRequestFilter@243ddb2c, org.springframework.security.web.authentication.AnonymousAuthenticationFilter@221fcce2, org.springframework.security.web.session.SessionManagementFilter@1b0306d4, org.springframework.security.web.access.ExceptionTranslationFilter@1fa35bce, org.springframework.security.web.access.intercept.FilterSecurityInterceptor@48b4d994]
2023-11-10 11:11:36.205 INFO  [restartedMain] [o.s.b.d.a.OptionalLiveReloadServer] - LiveReload server is running on port 35729
2023-11-10 11:11:36.223 INFO  [restartedMain] [o.apache.coyote.http11.Http11NioProtocol] - Starting ProtocolHandler ["http-nio-8085"]
2023-11-10 11:11:36.236 INFO  [restartedMain] [o.s.b.w.embedded.tomcat.TomcatWebServer] - Tomcat started on port(s): 8085 (http) with context path ''
2023-11-10 11:11:36.244 INFO  [restartedMain] [com.chunjae.pro05.Pro05Application] - Started Pro05Application in 1.353 seconds (JVM running for 1.773)
2023-11-10 11:15:47.712 INFO  [http-nio-8085-exec-8] [o.a.c.c.C.[Tomcat].[localhost].[/]] - Initializing Spring DispatcherServlet 'dispatcherServlet'
2023-11-10 11:15:47.712 INFO  [http-nio-8085-exec-8] [o.s.web.servlet.DispatcherServlet] - Initializing Servlet 'dispatcherServlet'
2023-11-10 11:15:47.712 INFO  [http-nio-8085-exec-8] [o.s.web.servlet.DispatcherServlet] - Completed initialization in 0 ms
